#! /c/Source/iverilog-install/bin/vvp
:ivl_version "12.0 (devel)" "(s20150603-1539-g2693dd32b)";
:ivl_delay_selection "TYPICAL";
:vpi_time_precision - 12;
:vpi_module "C:\iverilog\lib\ivl\system.vpi";
:vpi_module "C:\iverilog\lib\ivl\vhdl_sys.vpi";
:vpi_module "C:\iverilog\lib\ivl\vhdl_textio.vpi";
:vpi_module "C:\iverilog\lib\ivl\v2005_math.vpi";
:vpi_module "C:\iverilog\lib\ivl\va_math.vpi";
:vpi_module "C:\iverilog\lib\ivl\v2009.vpi";
S_000001475656ee00 .scope package, "$unit" "$unit" 2 1;
 .timescale 0 0;
S_0000014756533540 .scope module, "tb_matrix_accel_periph_manual" "tb_matrix_accel_periph_manual" 3 3;
 .timescale -9 -12;
P_000001475661c1e0 .param/l "BASE_ADDR" 1 3 5, C4<00110000000000000000000000000000>;
P_000001475661c218 .param/l "C0_ADDR" 1 3 6, C4<00110000000000000000000010010000>;
P_000001475661c250 .param/l "CYCLE_ADDR" 1 3 7, C4<00110000000000000000000000000100>;
P_000001475661c288 .param/l "MATGO_INSN" 1 3 8, C4<01010100000000000000010100001011>;
v000001475668a450_0 .var "c0", 31 0;
v000001475668a770_0 .var "clk", 0 0;
v000001475668a950_0 .var "cyc", 31 0;
v0000014756689550_0 .var "mem_addr", 31 0;
v0000014756689050_0 .net "mem_rdata", 31 0, v000001475668ab30_0;  1 drivers
v0000014756689910_0 .net "mem_ready", 0 0, L_000001475656af30;  1 drivers
v0000014756688970_0 .var "mem_valid", 0 0;
v0000014756687ed0_0 .var "mem_wdata", 31 0;
v00000147566895f0_0 .var "mem_wstrb", 3 0;
v0000014756689c30_0 .var "pcpi_insn", 31 0;
v0000014756687d90_0 .net "pcpi_rd", 31 0, v000001475668b170_0;  1 drivers
v0000014756687bb0_0 .net "pcpi_ready", 0 0, v000001475668b210_0;  1 drivers
v00000147566899b0_0 .var "pcpi_valid", 0 0;
v0000014756688470_0 .net "pcpi_wait", 0 0, v000001475668a8b0_0;  1 drivers
v0000014756689870_0 .net "pcpi_wr", 0 0, v000001475668a630_0;  1 drivers
v0000014756688330_0 .var "resetn", 0 0;
S_0000014756617760 .scope module, "dut" "matrix_accel_periph" 3 27, 4 3 0, S_0000014756533540;
 .timescale -9 -12;
    .port_info 0 /INPUT 1 "clk";
    .port_info 1 /INPUT 1 "resetn";
    .port_info 2 /INPUT 1 "mem_valid";
    .port_info 3 /INPUT 32 "mem_addr";
    .port_info 4 /INPUT 32 "mem_wdata";
    .port_info 5 /INPUT 4 "mem_wstrb";
    .port_info 6 /OUTPUT 1 "mem_ready";
    .port_info 7 /OUTPUT 32 "mem_rdata";
    .port_info 8 /INPUT 1 "pcpi_valid";
    .port_info 9 /INPUT 32 "pcpi_insn";
    .port_info 10 /INPUT 32 "pcpi_rs1";
    .port_info 11 /INPUT 32 "pcpi_rs2";
    .port_info 12 /OUTPUT 1 "pcpi_wait";
    .port_info 13 /OUTPUT 1 "pcpi_ready";
    .port_info 14 /OUTPUT 1 "pcpi_wr";
    .port_info 15 /OUTPUT 32 "pcpi_rd";
P_000001475656e5e0 .param/l "F3_MATGO" 1 4 25, C4<000>;
P_000001475656e618 .param/l "F7_MATGO" 1 4 26, C4<0101010>;
P_000001475656e650 .param/l "OPCODE_CUSTOM0" 1 4 24, C4<0001011>;
P_000001475656e688 .param/l "REG_A_BASE" 1 4 30, C4<00010000>;
P_000001475656e6c0 .param/l "REG_B_BASE" 1 4 31, C4<01010000>;
P_000001475656e6f8 .param/l "REG_CTRL_STATUS" 1 4 28, C4<00000000>;
P_000001475656e730 .param/l "REG_CYCLE_COUNT" 1 4 29, C4<00000100>;
P_000001475656e768 .param/l "REG_C_BASE" 1 4 32, C4<10010000>;
L_000001475656a600 .functor AND 1, L_0000014756688f10, L_00000147566881f0, C4<1>, C4<1>;
L_000001475656b400 .functor AND 1, L_0000014756689410, L_0000014756688010, C4<1>, C4<1>;
L_000001475656afa0 .functor AND 1, L_0000014756689cd0, L_00000147566897d0, C4<1>, C4<1>;
L_000001475656b4e0 .functor AND 1, v00000147566899b0_0, L_0000014756688510, C4<1>, C4<1>;
L_000001475656a670 .functor AND 1, L_000001475656b4e0, L_0000014756688dd0, C4<1>, C4<1>;
L_000001475656b080 .functor AND 1, L_000001475656a670, L_0000014756688790, C4<1>, C4<1>;
L_000001475656aec0 .functor AND 1, L_000001475656b080, L_0000014756689b90, C4<1>, C4<1>;
L_000001475656af30 .functor BUFZ 1, v0000014756688970_0, C4<0>, C4<0>, C4<0>;
L_000001475656ade0 .functor NOT 1, v0000014756688330_0, C4<0>, C4<0>, C4<0>;
v0000014756684a20_0 .net *"_ivl_104", 31 0, L_0000014756688bf0;  1 drivers
L_0000014756696258 .functor BUFT 1, C4<0000000000000000000000000000>, C4<0>, C4<0>, C4<0>;
v0000014756683b20_0 .net *"_ivl_107", 27 0, L_0000014756696258;  1 drivers
L_00000147566962a0 .functor BUFT 1, C4<00000000000000000000000000010000>, C4<0>, C4<0>, C4<0>;
v0000014756683bc0_0 .net/2u *"_ivl_108", 31 0, L_00000147566962a0;  1 drivers
v0000014756683c60_0 .net *"_ivl_111", 31 0, L_00000147566883d0;  1 drivers
v0000014756683d00_0 .net *"_ivl_115", 6 0, L_0000014756688150;  1 drivers
L_00000147566962e8 .functor BUFT 1, C4<0001011>, C4<0>, C4<0>, C4<0>;
v00000147566854e0_0 .net/2u *"_ivl_116", 6 0, L_00000147566962e8;  1 drivers
v0000014756686d40_0 .net *"_ivl_118", 0 0, L_0000014756688510;  1 drivers
L_0000014756695f88 .functor BUFT 1, C4<01010000>, C4<0>, C4<0>, C4<0>;
v0000014756686ac0_0 .net/2u *"_ivl_12", 7 0, L_0000014756695f88;  1 drivers
v0000014756687060_0 .net *"_ivl_121", 0 0, L_000001475656b4e0;  1 drivers
v0000014756685c60_0 .net *"_ivl_123", 2 0, L_0000014756689a50;  1 drivers
L_0000014756696330 .functor BUFT 1, C4<000>, C4<0>, C4<0>, C4<0>;
v0000014756687240_0 .net/2u *"_ivl_124", 2 0, L_0000014756696330;  1 drivers
v0000014756685800_0 .net *"_ivl_126", 0 0, L_0000014756688dd0;  1 drivers
v0000014756687100_0 .net *"_ivl_129", 0 0, L_000001475656a670;  1 drivers
v0000014756686c00_0 .net *"_ivl_131", 6 0, L_0000014756689af0;  1 drivers
L_0000014756696378 .functor BUFT 1, C4<0101010>, C4<0>, C4<0>, C4<0>;
v0000014756685580_0 .net/2u *"_ivl_132", 6 0, L_0000014756696378;  1 drivers
v0000014756685ee0_0 .net *"_ivl_134", 0 0, L_0000014756688790;  1 drivers
v0000014756687380_0 .net *"_ivl_137", 0 0, L_000001475656b080;  1 drivers
v0000014756685f80_0 .net *"_ivl_139", 4 0, L_0000014756689eb0;  1 drivers
v0000014756686e80_0 .net *"_ivl_14", 0 0, L_0000014756689410;  1 drivers
L_00000147566963c0 .functor BUFT 1, C4<00000>, C4<0>, C4<0>, C4<0>;
v0000014756685a80_0 .net/2u *"_ivl_140", 4 0, L_00000147566963c0;  1 drivers
v0000014756686660_0 .net *"_ivl_142", 0 0, L_0000014756689b90;  1 drivers
L_0000014756696570 .functor BUFT 1, C4<00000000000000000000000000000000000000000000000000000000000000000>, C4<0>, C4<0>, C4<0>;
v00000147566865c0_0 .net *"_ivl_148", 64 0, L_0000014756696570;  1 drivers
L_0000014756695fd0 .functor BUFT 1, C4<10010000>, C4<0>, C4<0>, C4<0>;
v0000014756685d00_0 .net/2u *"_ivl_16", 7 0, L_0000014756695fd0;  1 drivers
v00000147566871a0_0 .net *"_ivl_18", 0 0, L_0000014756688010;  1 drivers
L_0000014756695ef8 .functor BUFT 1, C4<00010000>, C4<0>, C4<0>, C4<0>;
v00000147566867a0_0 .net/2u *"_ivl_2", 7 0, L_0000014756695ef8;  1 drivers
L_0000014756696018 .functor BUFT 1, C4<10010000>, C4<0>, C4<0>, C4<0>;
v00000147566858a0_0 .net/2u *"_ivl_22", 7 0, L_0000014756696018;  1 drivers
v0000014756685940_0 .net *"_ivl_24", 0 0, L_0000014756689cd0;  1 drivers
L_0000014756696060 .functor BUFT 1, C4<11010000>, C4<0>, C4<0>, C4<0>;
v0000014756686fc0_0 .net/2u *"_ivl_26", 7 0, L_0000014756696060;  1 drivers
v0000014756686b60_0 .net *"_ivl_28", 0 0, L_00000147566897d0;  1 drivers
L_00000147566960a8 .functor BUFT 1, C4<00010000>, C4<0>, C4<0>, C4<0>;
v0000014756686700_0 .net/2u *"_ivl_32", 7 0, L_00000147566960a8;  1 drivers
v00000147566872e0_0 .net *"_ivl_34", 7 0, L_00000147566886f0;  1 drivers
v0000014756686de0_0 .net *"_ivl_36", 7 0, L_0000014756688e70;  1 drivers
v0000014756685e40_0 .net *"_ivl_38", 5 0, L_0000014756688ab0;  1 drivers
v0000014756686840_0 .net *"_ivl_4", 0 0, L_0000014756688f10;  1 drivers
L_00000147566960f0 .functor BUFT 1, C4<00>, C4<0>, C4<0>, C4<0>;
v0000014756686340_0 .net *"_ivl_40", 1 0, L_00000147566960f0;  1 drivers
L_0000014756696138 .functor BUFT 1, C4<01010000>, C4<0>, C4<0>, C4<0>;
v0000014756686ca0_0 .net/2u *"_ivl_44", 7 0, L_0000014756696138;  1 drivers
v0000014756685620_0 .net *"_ivl_46", 7 0, L_0000014756687e30;  1 drivers
v00000147566868e0_0 .net *"_ivl_48", 7 0, L_0000014756689ff0;  1 drivers
v0000014756686f20_0 .net *"_ivl_50", 5 0, L_0000014756689690;  1 drivers
L_0000014756696180 .functor BUFT 1, C4<00>, C4<0>, C4<0>, C4<0>;
v00000147566856c0_0 .net *"_ivl_52", 1 0, L_0000014756696180;  1 drivers
L_00000147566961c8 .functor BUFT 1, C4<10010000>, C4<0>, C4<0>, C4<0>;
v0000014756685b20_0 .net/2u *"_ivl_56", 7 0, L_00000147566961c8;  1 drivers
v0000014756686520_0 .net *"_ivl_58", 7 0, L_0000014756689e10;  1 drivers
L_0000014756695f40 .functor BUFT 1, C4<01010000>, C4<0>, C4<0>, C4<0>;
v0000014756686980_0 .net/2u *"_ivl_6", 7 0, L_0000014756695f40;  1 drivers
v0000014756685da0_0 .net *"_ivl_60", 7 0, L_00000147566880b0;  1 drivers
v0000014756685760_0 .net *"_ivl_62", 5 0, L_0000014756688b50;  1 drivers
L_0000014756696210 .functor BUFT 1, C4<00>, C4<0>, C4<0>, C4<0>;
v00000147566859e0_0 .net *"_ivl_64", 1 0, L_0000014756696210;  1 drivers
v0000014756685bc0_0 .net *"_ivl_8", 0 0, L_00000147566881f0;  1 drivers
v0000014756686020_0 .net "_unused", 0 0, L_00000147566885b0;  1 drivers
v00000147566860c0_0 .net "a_flat", 255 0, L_0000014756688fb0;  1 drivers
v0000014756686160_0 .net "a_reg_idx", 3 0, L_0000014756687f70;  1 drivers
v0000014756686200_0 .net "a_reg_sel", 0 0, L_000001475656a600;  1 drivers
v00000147566862a0 .array "a_regs", 15 0, 15 0;
v0000014756686a20_0 .net "accel_busy", 0 0, v0000014756684ca0_0;  1 drivers
v00000147566863e0_0 .net "accel_cycles", 7 0, v0000014756683760_0;  1 drivers
v0000014756686480_0 .net "accel_done", 0 0, v0000014756683080_0;  1 drivers
v000001475668b5d0_0 .net "addr_off", 7 0, L_0000014756689730;  1 drivers
v000001475668b0d0_0 .net "b_flat", 255 0, L_0000014756689d70;  1 drivers
v000001475668a9f0_0 .net "b_reg_idx", 3 0, L_0000014756688290;  1 drivers
v000001475668af90_0 .net "b_reg_sel", 0 0, L_000001475656b400;  1 drivers
v000001475668b670 .array "b_regs", 15 0, 15 0;
v000001475668b710_0 .net "c_elem", 15 0, L_0000014756687b10;  1 drivers
v000001475668b350_0 .net "c_flat", 255 0, L_00000147566f9180;  1 drivers
v000001475668ac70_0 .net "c_reg_idx", 3 0, L_00000147566890f0;  1 drivers
v000001475668a4f0_0 .net "c_reg_sel", 0 0, L_000001475656afa0;  1 drivers
v000001475668aa90_0 .net "clk", 0 0, v000001475668a770_0;  1 drivers
v000001475668b030_0 .var "done_sticky", 0 0;
v000001475668ae50_0 .var/i "i", 31 0;
v000001475668b3f0_0 .net "mem_addr", 31 0, v0000014756689550_0;  1 drivers
v000001475668ab30_0 .var "mem_rdata", 31 0;
v000001475668adb0_0 .net "mem_ready", 0 0, L_000001475656af30;  alias, 1 drivers
v000001475668b490_0 .net "mem_valid", 0 0, v0000014756688970_0;  1 drivers
v000001475668abd0_0 .net "mem_wdata", 31 0, v0000014756687ed0_0;  1 drivers
v000001475668b990_0 .net "mem_wstrb", 3 0, v00000147566895f0_0;  1 drivers
v000001475668ad10_0 .net "pcpi_insn", 31 0, v0000014756689c30_0;  1 drivers
v000001475668b7b0_0 .net "pcpi_match", 0 0, L_000001475656aec0;  1 drivers
v000001475668aef0_0 .var "pcpi_pending", 0 0;
v000001475668b170_0 .var "pcpi_rd", 31 0;
v000001475668b210_0 .var "pcpi_ready", 0 0;
v000001475668a590_0 .var "pcpi_req_seen", 0 0;
L_00000147566964e0 .functor BUFT 1, C4<00000000000000000000000000000000>, C4<0>, C4<0>, C4<0>;
v000001475668a810_0 .net "pcpi_rs1", 31 0, L_00000147566964e0;  1 drivers
L_0000014756696528 .functor BUFT 1, C4<00000000000000000000000000000000>, C4<0>, C4<0>, C4<0>;
v000001475668b2b0_0 .net "pcpi_rs2", 31 0, L_0000014756696528;  1 drivers
v000001475668b530_0 .net "pcpi_valid", 0 0, v00000147566899b0_0;  1 drivers
v000001475668a8b0_0 .var "pcpi_wait", 0 0;
v000001475668a630_0 .var "pcpi_wr", 0 0;
v000001475668b850_0 .net "resetn", 0 0, v0000014756688330_0;  1 drivers
v000001475668b8f0_0 .var "start_pulse", 0 0;
E_00000147565f0f10 .event anyedge, v000001475668b7b0_0, v000001475668aef0_0;
E_00000147565f1050/0 .event anyedge, v000001475668b5d0_0, v000001475668b030_0, v0000014756684ca0_0, v0000014756683760_0;
v00000147566862a0_0 .array/port v00000147566862a0, 0;
v00000147566862a0_1 .array/port v00000147566862a0, 1;
E_00000147565f1050/1 .event anyedge, v0000014756686200_0, v0000014756686160_0, v00000147566862a0_0, v00000147566862a0_1;
v00000147566862a0_2 .array/port v00000147566862a0, 2;
v00000147566862a0_3 .array/port v00000147566862a0, 3;
v00000147566862a0_4 .array/port v00000147566862a0, 4;
v00000147566862a0_5 .array/port v00000147566862a0, 5;
E_00000147565f1050/2 .event anyedge, v00000147566862a0_2, v00000147566862a0_3, v00000147566862a0_4, v00000147566862a0_5;
v00000147566862a0_6 .array/port v00000147566862a0, 6;
v00000147566862a0_7 .array/port v00000147566862a0, 7;
v00000147566862a0_8 .array/port v00000147566862a0, 8;
v00000147566862a0_9 .array/port v00000147566862a0, 9;
E_00000147565f1050/3 .event anyedge, v00000147566862a0_6, v00000147566862a0_7, v00000147566862a0_8, v00000147566862a0_9;
v00000147566862a0_10 .array/port v00000147566862a0, 10;
v00000147566862a0_11 .array/port v00000147566862a0, 11;
v00000147566862a0_12 .array/port v00000147566862a0, 12;
v00000147566862a0_13 .array/port v00000147566862a0, 13;
E_00000147565f1050/4 .event anyedge, v00000147566862a0_10, v00000147566862a0_11, v00000147566862a0_12, v00000147566862a0_13;
v00000147566862a0_14 .array/port v00000147566862a0, 14;
v00000147566862a0_15 .array/port v00000147566862a0, 15;
E_00000147565f1050/5 .event anyedge, v00000147566862a0_14, v00000147566862a0_15, v000001475668af90_0, v000001475668a9f0_0;
v000001475668b670_0 .array/port v000001475668b670, 0;
v000001475668b670_1 .array/port v000001475668b670, 1;
v000001475668b670_2 .array/port v000001475668b670, 2;
v000001475668b670_3 .array/port v000001475668b670, 3;
E_00000147565f1050/6 .event anyedge, v000001475668b670_0, v000001475668b670_1, v000001475668b670_2, v000001475668b670_3;
v000001475668b670_4 .array/port v000001475668b670, 4;
v000001475668b670_5 .array/port v000001475668b670, 5;
v000001475668b670_6 .array/port v000001475668b670, 6;
v000001475668b670_7 .array/port v000001475668b670, 7;
E_00000147565f1050/7 .event anyedge, v000001475668b670_4, v000001475668b670_5, v000001475668b670_6, v000001475668b670_7;
v000001475668b670_8 .array/port v000001475668b670, 8;
v000001475668b670_9 .array/port v000001475668b670, 9;
v000001475668b670_10 .array/port v000001475668b670, 10;
v000001475668b670_11 .array/port v000001475668b670, 11;
E_00000147565f1050/8 .event anyedge, v000001475668b670_8, v000001475668b670_9, v000001475668b670_10, v000001475668b670_11;
v000001475668b670_12 .array/port v000001475668b670, 12;
v000001475668b670_13 .array/port v000001475668b670, 13;
v000001475668b670_14 .array/port v000001475668b670, 14;
v000001475668b670_15 .array/port v000001475668b670, 15;
E_00000147565f1050/9 .event anyedge, v000001475668b670_12, v000001475668b670_13, v000001475668b670_14, v000001475668b670_15;
E_00000147565f1050/10 .event anyedge, v000001475668a4f0_0, v000001475668b710_0;
E_00000147565f1050 .event/or E_00000147565f1050/0, E_00000147565f1050/1, E_00000147565f1050/2, E_00000147565f1050/3, E_00000147565f1050/4, E_00000147565f1050/5, E_00000147565f1050/6, E_00000147565f1050/7, E_00000147565f1050/8, E_00000147565f1050/9, E_00000147565f1050/10;
L_0000014756689730 .part v0000014756689550_0, 0, 8;
L_0000014756688f10 .cmp/ge 8, L_0000014756689730, L_0000014756695ef8;
L_00000147566881f0 .cmp/gt 8, L_0000014756695f40, L_0000014756689730;
L_0000014756689410 .cmp/ge 8, L_0000014756689730, L_0000014756695f88;
L_0000014756688010 .cmp/gt 8, L_0000014756695fd0, L_0000014756689730;
L_0000014756689cd0 .cmp/ge 8, L_0000014756689730, L_0000014756696018;
L_00000147566897d0 .cmp/gt 8, L_0000014756696060, L_0000014756689730;
L_00000147566886f0 .arith/sub 8, L_0000014756689730, L_00000147566960a8;
L_0000014756688ab0 .part L_00000147566886f0, 2, 6;
L_0000014756688e70 .concat [ 6 2 0 0], L_0000014756688ab0, L_00000147566960f0;
L_0000014756687f70 .part L_0000014756688e70, 0, 4;
L_0000014756687e30 .arith/sub 8, L_0000014756689730, L_0000014756696138;
L_0000014756689690 .part L_0000014756687e30, 2, 6;
L_0000014756689ff0 .concat [ 6 2 0 0], L_0000014756689690, L_0000014756696180;
L_0000014756688290 .part L_0000014756689ff0, 0, 4;
L_0000014756689e10 .arith/sub 8, L_0000014756689730, L_00000147566961c8;
L_0000014756688b50 .part L_0000014756689e10, 2, 6;
L_00000147566880b0 .concat [ 6 2 0 0], L_0000014756688b50, L_0000014756696210;
L_00000147566890f0 .part L_00000147566880b0, 0, 4;
LS_0000014756688fb0_0_0 .concat [ 16 16 16 16], v00000147566862a0_0, v00000147566862a0_1, v00000147566862a0_2, v00000147566862a0_3;
LS_0000014756688fb0_0_4 .concat [ 16 16 16 16], v00000147566862a0_4, v00000147566862a0_5, v00000147566862a0_6, v00000147566862a0_7;
LS_0000014756688fb0_0_8 .concat [ 16 16 16 16], v00000147566862a0_8, v00000147566862a0_9, v00000147566862a0_10, v00000147566862a0_11;
LS_0000014756688fb0_0_12 .concat [ 16 16 16 16], v00000147566862a0_12, v00000147566862a0_13, v00000147566862a0_14, v00000147566862a0_15;
L_0000014756688fb0 .concat [ 64 64 64 64], LS_0000014756688fb0_0_0, LS_0000014756688fb0_0_4, LS_0000014756688fb0_0_8, LS_0000014756688fb0_0_12;
LS_0000014756689d70_0_0 .concat [ 16 16 16 16], v000001475668b670_0, v000001475668b670_1, v000001475668b670_2, v000001475668b670_3;
LS_0000014756689d70_0_4 .concat [ 16 16 16 16], v000001475668b670_4, v000001475668b670_5, v000001475668b670_6, v000001475668b670_7;
LS_0000014756689d70_0_8 .concat [ 16 16 16 16], v000001475668b670_8, v000001475668b670_9, v000001475668b670_10, v000001475668b670_11;
LS_0000014756689d70_0_12 .concat [ 16 16 16 16], v000001475668b670_12, v000001475668b670_13, v000001475668b670_14, v000001475668b670_15;
L_0000014756689d70 .concat [ 64 64 64 64], LS_0000014756689d70_0_0, LS_0000014756689d70_0_4, LS_0000014756689d70_0_8, LS_0000014756689d70_0_12;
L_0000014756688bf0 .concat [ 4 28 0 0], L_00000147566890f0, L_0000014756696258;
L_00000147566883d0 .arith/mult 32, L_0000014756688bf0, L_00000147566962a0;
L_0000014756687b10 .part/v L_00000147566f9180, L_00000147566883d0, 16;
L_0000014756688150 .part v0000014756689c30_0, 0, 7;
L_0000014756688510 .cmp/eq 7, L_0000014756688150, L_00000147566962e8;
L_0000014756689a50 .part v0000014756689c30_0, 12, 3;
L_0000014756688dd0 .cmp/eq 3, L_0000014756689a50, L_0000014756696330;
L_0000014756689af0 .part v0000014756689c30_0, 25, 7;
L_0000014756688790 .cmp/eq 7, L_0000014756689af0, L_0000014756696378;
L_0000014756689eb0 .part v0000014756689c30_0, 20, 5;
L_0000014756689b90 .cmp/eq 5, L_0000014756689eb0, L_00000147566963c0;
L_00000147566885b0 .reduce/and L_0000014756696570;
S_00000147564f8480 .scope module, "accel_inst" "matrix_accel_4x4_q5_10" 4 84, 5 3 0, S_0000014756617760;
 .timescale -9 -12;
    .port_info 0 /INPUT 1 "clk";
    .port_info 1 /INPUT 1 "rst";
    .port_info 2 /INPUT 1 "start";
    .port_info 3 /INPUT 256 "a_flat";
    .port_info 4 /INPUT 256 "b_flat";
    .port_info 5 /OUTPUT 1 "busy";
    .port_info 6 /OUTPUT 1 "done";
    .port_info 7 /OUTPUT 256 "c_flat";
    .port_info 8 /OUTPUT 8 "cycle_count";
P_00000147565f0110 .param/l "COMPUTE_CYCLES" 1 5 15, +C4<00000000000000000000000000001010>;
L_0000014756696408 .functor BUFT 1, C4<0000>, C4<0>, C4<0>, C4<0>;
v0000014756683260_0 .net/2u *"_ivl_0", 3 0, L_0000014756696408;  1 drivers
L_0000014756696450 .functor BUFT 1, C4<0000000000000000000000000000000000000000000000000000000000000000000000000000000000000000000000000000000000000000000000000000000000000000000000000000000000000000000000000000000000000000000000000000000000000000000000000000000000000000000000000000000000000000>, C4<0>, C4<0>, C4<0>;
v0000014756682f40_0 .net/2u *"_ivl_4", 255 0, L_0000014756696450;  1 drivers
L_0000014756696498 .functor BUFT 1, C4<0000000000000000000000000000000000000000000000000000000000000000000000000000000000000000000000000000000000000000000000000000000000000000000000000000000000000000000000000000000000000000000000000000000000000000000000000000000000000000000000000000000000000000>, C4<0>, C4<0>, C4<0>;
v00000147566842a0_0 .net/2u *"_ivl_8", 255 0, L_0000014756696498;  1 drivers
v0000014756682ea0_0 .net "a_flat", 255 0, L_0000014756688fb0;  alias, 1 drivers
v00000147566834e0_0 .net "a_issue", 255 0, L_0000014756688a10;  1 drivers
v0000014756683580_0 .var "a_latched", 255 0;
v00000147566845c0_0 .net "b_flat", 255 0, L_0000014756689d70;  alias, 1 drivers
v0000014756684340_0 .net "b_issue", 255 0, L_0000014756689190;  1 drivers
v00000147566843e0_0 .var "b_latched", 255 0;
v0000014756684ca0_0 .var "busy", 0 0;
v0000014756684480_0 .net "c_flat", 255 0, L_00000147566f9180;  alias, 1 drivers
v00000147566836c0_0 .var "clear_acc", 0 0;
v00000147566847a0_0 .net "clk", 0 0, v000001475668a770_0;  alias, 1 drivers
v0000014756682fe0_0 .net "col_inject_flat", 63 0, v00000147566095b0_0;  1 drivers
v0000014756683760_0 .var "cycle_count", 7 0;
v0000014756684520_0 .net "cycle_for_issue", 3 0, L_0000014756689f50;  1 drivers
v0000014756683080_0 .var "done", 0 0;
v0000014756684660_0 .var "issue_cycle", 3 0;
v0000014756683800_0 .var "primed", 0 0;
v0000014756683a80_0 .net "row_inject_flat", 63 0, v00000147566098d0_0;  1 drivers
v00000147566848e0_0 .net "rst", 0 0, L_000001475656ade0;  1 drivers
v0000014756684980_0 .net "start", 0 0, v000001475668b8f0_0;  1 drivers
L_0000014756689f50 .functor MUXZ 4, L_0000014756696408, v0000014756684660_0, v0000014756684ca0_0, C4<>;
L_0000014756688a10 .functor MUXZ 256, L_0000014756696450, v0000014756683580_0, v0000014756684ca0_0, C4<>;
L_0000014756689190 .functor MUXZ 256, L_0000014756696498, v00000147566843e0_0, v0000014756684ca0_0, C4<>;
S_00000147564f8610 .scope module, "issue_inst" "issue_logic_4x4_q5_10" 5 33, 6 3 0, S_00000147564f8480;
 .timescale -9 -12;
    .port_info 0 /INPUT 256 "a_flat";
    .port_info 1 /INPUT 256 "b_flat";
    .port_info 2 /INPUT 4 "cycle_idx";
    .port_info 3 /OUTPUT 64 "row_inject_flat";
    .port_info 4 /OUTPUT 64 "col_inject_flat";
v0000014756608b10_0 .net "a_flat", 255 0, L_0000014756688a10;  alias, 1 drivers
v0000014756609510_0 .net "b_flat", 255 0, L_0000014756689190;  alias, 1 drivers
v00000147566095b0_0 .var "col_inject_flat", 63 0;
v0000014756609650_0 .var/s "col_val", 15 0;
v00000147566096f0_0 .net "cycle_idx", 3 0, L_0000014756689f50;  alias, 1 drivers
v0000014756608430_0 .var/i "i", 31 0;
v0000014756609790_0 .var/i "k", 31 0;
v00000147566098d0_0 .var "row_inject_flat", 63 0;
v0000014756609970_0 .var/s "row_val", 15 0;
E_00000147565f0690/0 .event anyedge, v00000147566096f0_0, v0000014756609790_0, v0000014756608b10_0, v0000014756609970_0;
E_00000147565f0690/1 .event anyedge, v0000014756609510_0, v0000014756609650_0;
E_00000147565f0690 .event/or E_00000147565f0690/0, E_00000147565f0690/1;
S_00000147564c0f70 .scope function.vec4.u16, "mat_get" "mat_get" 6 11, 6 11 0, S_00000147564f8610;
 .timescale -9 -12;
v0000014756609290_0 .var/i "base", 31 0;
v0000014756609a10_0 .var/i "col", 31 0;
v0000014756609fb0_0 .var "mat", 255 0;
; Variable mat_get is vec4 return value of scope S_00000147564c0f70
v0000014756609470_0 .var/i "row", 31 0;
TD_tb_matrix_accel_periph_manual.dut.accel_inst.issue_inst.mat_get ;
    %load/vec4 v0000014756609470_0;
    %muli 4, 0, 32;
    %load/vec4 v0000014756609a10_0;
    %add;
    %muli 16, 0, 32;
    %store/vec4 v0000014756609290_0, 0, 32;
    %load/vec4 v0000014756609fb0_0;
    %load/vec4 v0000014756609290_0;
    %part/s 16;
    %ret/vec4 0, 0, 16;  Assign to mat_get (store_vec4_to_lval)
    %end;
S_00000147564c1100 .scope module, "systolic_inst" "systolic_array_4x4_q5_10" 5 41, 7 3 0, S_00000147564f8480;
 .timescale -9 -12;
    .port_info 0 /INPUT 1 "clk";
    .port_info 1 /INPUT 1 "rst";
    .port_info 2 /INPUT 1 "clear_acc";
    .port_info 3 /INPUT 64 "row_inject_flat";
    .port_info 4 /INPUT 64 "col_inject_flat";
    .port_info 5 /OUTPUT 256 "c_flat";
v00000147566840c0_0 .net "c_flat", 255 0, L_00000147566f9180;  alias, 1 drivers
v00000147566833a0_0 .net "clear_acc", 0 0, v00000147566836c0_0;  1 drivers
v0000014756683440_0 .net "clk", 0 0, v000001475668a770_0;  alias, 1 drivers
v0000014756683620 .array "col_inject", 3 0;
v0000014756683620_0 .net/s v0000014756683620 0, 15 0, L_0000014756689230; 1 drivers
v0000014756683620_1 .net/s v0000014756683620 1, 15 0, L_0000014756689370; 1 drivers
v0000014756683620_2 .net/s v0000014756683620 2, 15 0, L_00000147566894b0; 1 drivers
v0000014756683620_3 .net/s v0000014756683620 3, 15 0, L_000001475668a090; 1 drivers
v00000147566831c0_0 .net "col_inject_flat", 63 0, v00000147566095b0_0;  alias, 1 drivers
v0000014756683300 .array "row_inject", 3 0;
v0000014756683300_0 .net/s v0000014756683300 0, 15 0, L_0000014756688650; 1 drivers
v0000014756683300_1 .net/s v0000014756683300 1, 15 0, L_00000147566892d0; 1 drivers
v0000014756683300_2 .net/s v0000014756683300 2, 15 0, L_000001475668a270; 1 drivers
v0000014756683300_3 .net/s v0000014756683300 3, 15 0, L_0000014756688830; 1 drivers
v0000014756684160_0 .net "row_inject_flat", 63 0, v00000147566098d0_0;  alias, 1 drivers
v0000014756684200_0 .net "rst", 0 0, L_000001475656ade0;  alias, 1 drivers
v0000014756684700 .array "x_bus", 19 0;
v0000014756684700_0 .net/s v0000014756684700 0, 15 0, L_000001475656b240; 1 drivers
v0000014756684700_1 .net/s v0000014756684700 1, 15 0, v0000014756678a60_0; 1 drivers
v0000014756684700_2 .net/s v0000014756684700 2, 15 0, v0000014756678420_0; 1 drivers
v0000014756684700_3 .net/s v0000014756684700 3, 15 0, v0000014756677520_0; 1 drivers
v0000014756684700_4 .net/s v0000014756684700 4, 15 0, v0000014756679cb0_0; 1 drivers
v0000014756684700_5 .net/s v0000014756684700 5, 15 0, L_000001475656b010; 1 drivers
v0000014756684700_6 .net/s v0000014756684700 6, 15 0, v00000147566797b0_0; 1 drivers
v0000014756684700_7 .net/s v0000014756684700 7, 15 0, v000001475667acf0_0; 1 drivers
v0000014756684700_8 .net/s v0000014756684700 8, 15 0, v0000014756679030_0; 1 drivers
v0000014756684700_9 .net/s v0000014756684700 9, 15 0, v000001475667fce0_0; 1 drivers
v0000014756684700_10 .net/s v0000014756684700 10, 15 0, L_000001475656ad70; 1 drivers
v0000014756684700_11 .net/s v0000014756684700 11, 15 0, v00000147566805a0_0; 1 drivers
v0000014756684700_12 .net/s v0000014756684700 12, 15 0, v0000014756680280_0; 1 drivers
v0000014756684700_13 .net/s v0000014756684700 13, 15 0, v000001475667fa60_0; 1 drivers
v0000014756684700_14 .net/s v0000014756684700 14, 15 0, v0000014756681c50_0; 1 drivers
v0000014756684700_15 .net/s v0000014756684700 15, 15 0, L_000001475656aad0; 1 drivers
v0000014756684700_16 .net/s v0000014756684700 16, 15 0, v0000014756681f70_0; 1 drivers
v0000014756684700_17 .net/s v0000014756684700 17, 15 0, v0000014756682470_0; 1 drivers
v0000014756684700_18 .net/s v0000014756684700 18, 15 0, v0000014756682970_0; 1 drivers
v0000014756684700_19 .net/s v0000014756684700 19, 15 0, v0000014756683940_0; 1 drivers
v0000014756684b60 .array "y_bus", 19 0;
v0000014756684b60_0 .net/s v0000014756684b60 0, 15 0, L_000001475656a6e0; 1 drivers
v0000014756684b60_1 .net/s v0000014756684b60 1, 15 0, L_000001475656a980; 1 drivers
v0000014756684b60_2 .net/s v0000014756684b60 2, 15 0, L_000001475656b1d0; 1 drivers
v0000014756684b60_3 .net/s v0000014756684b60 3, 15 0, L_000001475656ab40; 1 drivers
v0000014756684b60_4 .net/s v0000014756684b60 4, 15 0, v00000147566770c0_0; 1 drivers
v0000014756684b60_5 .net/s v0000014756684b60 5, 15 0, v0000014756677b60_0; 1 drivers
v0000014756684b60_6 .net/s v0000014756684b60 6, 15 0, v0000014756678060_0; 1 drivers
v0000014756684b60_7 .net/s v0000014756684b60 7, 15 0, v000001475667a430_0; 1 drivers
v0000014756684b60_8 .net/s v0000014756684b60 8, 15 0, v00000147566793f0_0; 1 drivers
v0000014756684b60_9 .net/s v0000014756684b60 9, 15 0, v000001475667a070_0; 1 drivers
v0000014756684b60_10 .net/s v0000014756684b60 10, 15 0, v0000014756679710_0; 1 drivers
v0000014756684b60_11 .net/s v0000014756684b60 11, 15 0, v00000147566803c0_0; 1 drivers
v0000014756684b60_12 .net/s v0000014756684b60 12, 15 0, v00000147566800a0_0; 1 drivers
v0000014756684b60_13 .net/s v0000014756684b60 13, 15 0, v0000014756680a00_0; 1 drivers
v0000014756684b60_14 .net/s v0000014756684b60 14, 15 0, v0000014756680820_0; 1 drivers
v0000014756684b60_15 .net/s v0000014756684b60 15, 15 0, v0000014756682330_0; 1 drivers
v0000014756684b60_16 .net/s v0000014756684b60 16, 15 0, v0000014756681930_0; 1 drivers
v0000014756684b60_17 .net/s v0000014756684b60 17, 15 0, v0000014756682650_0; 1 drivers
v0000014756684b60_18 .net/s v0000014756684b60 18, 15 0, v0000014756681b10_0; 1 drivers
v0000014756684b60_19 .net/s v0000014756684b60 19, 15 0, v0000014756684c00_0; 1 drivers
v0000014756684840 .array "z_acc", 15 0;
v0000014756684840_0 .net/s v0000014756684840 0, 31 0, v0000014756678380_0; 1 drivers
v0000014756684840_1 .net/s v0000014756684840 1, 31 0, v0000014756677660_0; 1 drivers
v0000014756684840_2 .net/s v0000014756684840 2, 31 0, v0000014756678600_0; 1 drivers
v0000014756684840_3 .net/s v0000014756684840 3, 31 0, v000001475667a930_0; 1 drivers
v0000014756684840_4 .net/s v0000014756684840 4, 31 0, v000001475667a9d0_0; 1 drivers
v0000014756684840_5 .net/s v0000014756684840 5, 31 0, v0000014756679170_0; 1 drivers
v0000014756684840_6 .net/s v0000014756684840 6, 31 0, v0000014756679850_0; 1 drivers
v0000014756684840_7 .net/s v0000014756684840 7, 31 0, v0000014756680960_0; 1 drivers
v0000014756684840_8 .net/s v0000014756684840 8, 31 0, v0000014756680140_0; 1 drivers
v0000014756684840_9 .net/s v0000014756684840 9, 31 0, v000001475667f740_0; 1 drivers
v0000014756684840_10 .net/s v0000014756684840 10, 31 0, v000001475667fba0_0; 1 drivers
v0000014756684840_11 .net/s v0000014756684840 11, 31 0, v00000147566811b0_0; 1 drivers
v0000014756684840_12 .net/s v0000014756684840 12, 31 0, v0000014756682830_0; 1 drivers
v0000014756684840_13 .net/s v0000014756684840 13, 31 0, v0000014756681070_0; 1 drivers
v0000014756684840_14 .net/s v0000014756684840 14, 31 0, v0000014756681bb0_0; 1 drivers
v0000014756684840_15 .net/s v0000014756684840 15, 31 0, v00000147566839e0_0; 1 drivers
L_0000014756688650 .part v00000147566098d0_0, 0, 16;
L_0000014756689230 .part v00000147566095b0_0, 0, 16;
L_00000147566892d0 .part v00000147566098d0_0, 16, 16;
L_0000014756689370 .part v00000147566095b0_0, 16, 16;
L_000001475668a270 .part v00000147566098d0_0, 32, 16;
L_00000147566894b0 .part v00000147566095b0_0, 32, 16;
L_0000014756688830 .part v00000147566098d0_0, 48, 16;
L_000001475668a090 .part v00000147566095b0_0, 48, 16;
LS_00000147566f9180_0_0 .concat8 [ 16 16 16 16], L_00000147566f9540, L_00000147566f9360, L_00000147566f8f00, L_00000147566f8be0;
LS_00000147566f9180_0_4 .concat8 [ 16 16 16 16], L_00000147566f95e0, L_00000147566f8fa0, L_00000147566f8960, L_00000147566f9d60;
LS_00000147566f9180_0_8 .concat8 [ 16 16 16 16], L_00000147566f9680, L_00000147566f8c80, L_00000147566f97c0, L_00000147566f9040;
LS_00000147566f9180_0_12 .concat8 [ 16 16 16 16], L_00000147566f9cc0, L_00000147566f90e0, L_00000147566f9e00, L_00000147566f8780;
L_00000147566f9180 .concat8 [ 64 64 64 64], LS_00000147566f9180_0_0, LS_00000147566f9180_0_4, LS_00000147566f9180_0_8, LS_00000147566f9180_0_12;
S_00000147564cae50 .scope generate, "INJECT_UNPACK[0]" "INJECT_UNPACK[0]" 7 23, 7 23 0, S_00000147564c1100;
 .timescale -9 -12;
P_00000147565f08d0 .param/l "r" 0 7 23, +C4<00>;
L_000001475656b240 .functor BUFZ 16, L_0000014756688650, C4<0000000000000000>, C4<0000000000000000>, C4<0000000000000000>;
L_000001475656a6e0 .functor BUFZ 16, L_0000014756689230, C4<0000000000000000>, C4<0000000000000000>, C4<0000000000000000>;
S_00000147564cafe0 .scope generate, "INJECT_UNPACK[1]" "INJECT_UNPACK[1]" 7 23, 7 23 0, S_00000147564c1100;
 .timescale -9 -12;
P_00000147565f07d0 .param/l "r" 0 7 23, +C4<01>;
L_000001475656b010 .functor BUFZ 16, L_00000147566892d0, C4<0000000000000000>, C4<0000000000000000>, C4<0000000000000000>;
L_000001475656a980 .functor BUFZ 16, L_0000014756689370, C4<0000000000000000>, C4<0000000000000000>, C4<0000000000000000>;
S_00000147564b6f90 .scope generate, "INJECT_UNPACK[2]" "INJECT_UNPACK[2]" 7 23, 7 23 0, S_00000147564c1100;
 .timescale -9 -12;
P_00000147565f0850 .param/l "r" 0 7 23, +C4<010>;
L_000001475656ad70 .functor BUFZ 16, L_000001475668a270, C4<0000000000000000>, C4<0000000000000000>, C4<0000000000000000>;
L_000001475656b1d0 .functor BUFZ 16, L_00000147566894b0, C4<0000000000000000>, C4<0000000000000000>, C4<0000000000000000>;
S_00000147564b7120 .scope generate, "INJECT_UNPACK[3]" "INJECT_UNPACK[3]" 7 23, 7 23 0, S_00000147564c1100;
 .timescale -9 -12;
P_00000147565f0a50 .param/l "r" 0 7 23, +C4<011>;
L_000001475656aad0 .functor BUFZ 16, L_0000014756688830, C4<0000000000000000>, C4<0000000000000000>, C4<0000000000000000>;
L_000001475656ab40 .functor BUFZ 16, L_000001475668a090, C4<0000000000000000>, C4<0000000000000000>, C4<0000000000000000>;
S_00000147565e6120 .scope generate, "OUT_ROWS[0]" "OUT_ROWS[0]" 7 49, 7 49 0, S_00000147564c1100;
 .timescale -9 -12;
P_00000147565f1fd0 .param/l "r" 0 7 49, +C4<00>;
S_00000147565e62b0 .scope generate, "OUT_COLS[0]" "OUT_COLS[0]" 7 50, 7 50 0, S_00000147565e6120;
 .timescale -9 -12;
P_00000147565f1f10 .param/l "c" 0 7 50, +C4<00>;
v0000014756609bf0_0 .net *"_ivl_2", 15 0, L_00000147566f9540;  1 drivers
L_00000147566f9540 .part v0000014756678380_0, 0, 16;
S_000001475661cb60 .scope generate, "OUT_COLS[1]" "OUT_COLS[1]" 7 50, 7 50 0, S_00000147565e6120;
 .timescale -9 -12;
P_00000147565f1590 .param/l "c" 0 7 50, +C4<01>;
v0000014756608110_0 .net *"_ivl_2", 15 0, L_00000147566f9360;  1 drivers
L_00000147566f9360 .part v0000014756677660_0, 0, 16;
S_000001475661ccf0 .scope generate, "OUT_COLS[2]" "OUT_COLS[2]" 7 50, 7 50 0, S_00000147565e6120;
 .timescale -9 -12;
P_00000147565f1cd0 .param/l "c" 0 7 50, +C4<010>;
v00000147565479a0_0 .net *"_ivl_2", 15 0, L_00000147566f8f00;  1 drivers
L_00000147566f8f00 .part v0000014756678600_0, 0, 16;
S_000001475661ce80 .scope generate, "OUT_COLS[3]" "OUT_COLS[3]" 7 50, 7 50 0, S_00000147565e6120;
 .timescale -9 -12;
P_00000147565f1910 .param/l "c" 0 7 50, +C4<011>;
v0000014756547c20_0 .net *"_ivl_2", 15 0, L_00000147566f8be0;  1 drivers
L_00000147566f8be0 .part v000001475667a930_0, 0, 16;
S_0000014756673c40 .scope generate, "OUT_ROWS[1]" "OUT_ROWS[1]" 7 49, 7 49 0, S_00000147564c1100;
 .timescale -9 -12;
P_00000147565f1f50 .param/l "r" 0 7 49, +C4<01>;
S_0000014756674c30 .scope generate, "OUT_COLS[0]" "OUT_COLS[0]" 7 50, 7 50 0, S_0000014756673c40;
 .timescale -9 -12;
P_00000147565f12d0 .param/l "c" 0 7 50, +C4<00>;
v00000147565472c0_0 .net *"_ivl_2", 15 0, L_00000147566f95e0;  1 drivers
L_00000147566f95e0 .part v000001475667a9d0_0, 0, 16;
S_0000014756673fb0 .scope generate, "OUT_COLS[1]" "OUT_COLS[1]" 7 50, 7 50 0, S_0000014756673c40;
 .timescale -9 -12;
P_00000147565f1a90 .param/l "c" 0 7 50, +C4<01>;
v0000014756547400_0 .net *"_ivl_2", 15 0, L_00000147566f8fa0;  1 drivers
L_00000147566f8fa0 .part v0000014756679170_0, 0, 16;
S_0000014756673e20 .scope generate, "OUT_COLS[2]" "OUT_COLS[2]" 7 50, 7 50 0, S_0000014756673c40;
 .timescale -9 -12;
P_00000147565f1d50 .param/l "c" 0 7 50, +C4<010>;
v00000147565460a0_0 .net *"_ivl_2", 15 0, L_00000147566f8960;  1 drivers
L_00000147566f8960 .part v0000014756679850_0, 0, 16;
S_00000147566745f0 .scope generate, "OUT_COLS[3]" "OUT_COLS[3]" 7 50, 7 50 0, S_0000014756673c40;
 .timescale -9 -12;
P_00000147565f2010 .param/l "c" 0 7 50, +C4<011>;
v00000147565461e0_0 .net *"_ivl_2", 15 0, L_00000147566f9d60;  1 drivers
L_00000147566f9d60 .part v0000014756680960_0, 0, 16;
S_00000147566742d0 .scope generate, "OUT_ROWS[2]" "OUT_ROWS[2]" 7 49, 7 49 0, S_00000147564c1100;
 .timescale -9 -12;
P_00000147565f1950 .param/l "r" 0 7 49, +C4<010>;
S_0000014756674140 .scope generate, "OUT_COLS[0]" "OUT_COLS[0]" 7 50, 7 50 0, S_00000147566742d0;
 .timescale -9 -12;
P_00000147565f1e90 .param/l "c" 0 7 50, +C4<00>;
v0000014756546320_0 .net *"_ivl_2", 15 0, L_00000147566f9680;  1 drivers
L_00000147566f9680 .part v0000014756680140_0, 0, 16;
S_0000014756674460 .scope generate, "OUT_COLS[1]" "OUT_COLS[1]" 7 50, 7 50 0, S_00000147566742d0;
 .timescale -9 -12;
P_00000147565f1dd0 .param/l "c" 0 7 50, +C4<01>;
v0000014756546960_0 .net *"_ivl_2", 15 0, L_00000147566f8c80;  1 drivers
L_00000147566f8c80 .part v000001475667f740_0, 0, 16;
S_0000014756674780 .scope generate, "OUT_COLS[2]" "OUT_COLS[2]" 7 50, 7 50 0, S_00000147566742d0;
 .timescale -9 -12;
P_00000147565f1510 .param/l "c" 0 7 50, +C4<010>;
v0000014756546a00_0 .net *"_ivl_2", 15 0, L_00000147566f97c0;  1 drivers
L_00000147566f97c0 .part v000001475667fba0_0, 0, 16;
S_0000014756674910 .scope generate, "OUT_COLS[3]" "OUT_COLS[3]" 7 50, 7 50 0, S_00000147566742d0;
 .timescale -9 -12;
P_00000147565f1150 .param/l "c" 0 7 50, +C4<011>;
v0000014756546b40_0 .net *"_ivl_2", 15 0, L_00000147566f9040;  1 drivers
L_00000147566f9040 .part v00000147566811b0_0, 0, 16;
S_0000014756674aa0 .scope generate, "OUT_ROWS[3]" "OUT_ROWS[3]" 7 49, 7 49 0, S_00000147564c1100;
 .timescale -9 -12;
P_00000147565f1610 .param/l "r" 0 7 49, +C4<011>;
S_0000014756675150 .scope generate, "OUT_COLS[0]" "OUT_COLS[0]" 7 50, 7 50 0, S_0000014756674aa0;
 .timescale -9 -12;
P_00000147565f2050 .param/l "c" 0 7 50, +C4<00>;
v00000147566786a0_0 .net *"_ivl_2", 15 0, L_00000147566f9cc0;  1 drivers
L_00000147566f9cc0 .part v0000014756682830_0, 0, 16;
S_0000014756675920 .scope generate, "OUT_COLS[1]" "OUT_COLS[1]" 7 50, 7 50 0, S_0000014756674aa0;
 .timescale -9 -12;
P_00000147565f1ed0 .param/l "c" 0 7 50, +C4<01>;
v0000014756677c00_0 .net *"_ivl_2", 15 0, L_00000147566f90e0;  1 drivers
L_00000147566f90e0 .part v0000014756681070_0, 0, 16;
S_0000014756675790 .scope generate, "OUT_COLS[2]" "OUT_COLS[2]" 7 50, 7 50 0, S_0000014756674aa0;
 .timescale -9 -12;
P_00000147565f1650 .param/l "c" 0 7 50, +C4<010>;
v00000147566782e0_0 .net *"_ivl_2", 15 0, L_00000147566f9e00;  1 drivers
L_00000147566f9e00 .part v0000014756681bb0_0, 0, 16;
S_0000014756675c40 .scope generate, "OUT_COLS[3]" "OUT_COLS[3]" 7 50, 7 50 0, S_0000014756674aa0;
 .timescale -9 -12;
P_00000147565f18d0 .param/l "c" 0 7 50, +C4<011>;
v0000014756677160_0 .net *"_ivl_2", 15 0, L_00000147566f8780;  1 drivers
L_00000147566f8780 .part v00000147566839e0_0, 0, 16;
S_00000147566760f0 .scope generate, "PE_ROWS[0]" "PE_ROWS[0]" 7 32, 7 32 0, S_00000147564c1100;
 .timescale -9 -12;
P_00000147565f1690 .param/l "r" 0 7 32, +C4<00>;
S_00000147566752e0 .scope generate, "PE_COLS[0]" "PE_COLS[0]" 7 33, 7 33 0, S_00000147566760f0;
 .timescale -9 -12;
P_00000147565f1350 .param/l "c" 0 7 33, +C4<00>;
S_00000147566768c0 .scope module, "pe_inst" "pe_cell_q5_10" 7 34, 8 3 0, S_00000147566752e0;
 .timescale -9 -12;
    .port_info 0 /INPUT 1 "clk";
    .port_info 1 /INPUT 1 "rst";
    .port_info 2 /INPUT 1 "clear_acc";
    .port_info 3 /INPUT 16 "x_in";
    .port_info 4 /INPUT 16 "y_in";
    .port_info 5 /OUTPUT 16 "x_out";
    .port_info 6 /OUTPUT 16 "y_out";
    .port_info 7 /OUTPUT 32 "z_acc";
v0000014756678b00_0 .net/s *"_ivl_0", 31 0, L_000001475668a130;  1 drivers
v0000014756678ce0_0 .net/s *"_ivl_2", 31 0, L_000001475668a1d0;  1 drivers
v0000014756677340_0 .net *"_ivl_8", 21 0, L_00000147566888d0;  1 drivers
v0000014756677020_0 .net "clear_acc", 0 0, v00000147566836c0_0;  alias, 1 drivers
v00000147566789c0_0 .net "clk", 0 0, v000001475668a770_0;  alias, 1 drivers
v0000014756677e80_0 .net/s "product_full", 31 0, L_0000014756687c50;  1 drivers
v0000014756676f80_0 .net/s "product_q5_10", 31 0, L_0000014756688c90;  1 drivers
v0000014756678ba0_0 .net "rst", 0 0, L_000001475656ade0;  alias, 1 drivers
v0000014756678c40_0 .net/s "x_in", 15 0, L_000001475656b240;  alias, 1 drivers
v0000014756678a60_0 .var/s "x_out", 15 0;
v0000014756678920_0 .net/s "y_in", 15 0, L_000001475656a6e0;  alias, 1 drivers
v00000147566770c0_0 .var/s "y_out", 15 0;
v0000014756678380_0 .var/s "z_acc", 31 0;
E_00000147565f1490 .event posedge, v00000147566789c0_0;
L_000001475668a130 .extend/s 32, L_000001475656b240;
L_000001475668a1d0 .extend/s 32, L_000001475656a6e0;
L_0000014756687c50 .arith/mult 32, L_000001475668a130, L_000001475668a1d0;
L_00000147566888d0 .part L_0000014756687c50, 10, 22;
L_0000014756688c90 .extend/s 32, L_00000147566888d0;
S_00000147566765a0 .scope generate, "PE_COLS[1]" "PE_COLS[1]" 7 33, 7 33 0, S_00000147566760f0;
 .timescale -9 -12;
P_00000147565f1d10 .param/l "c" 0 7 33, +C4<01>;
S_0000014756676410 .scope module, "pe_inst" "pe_cell_q5_10" 7 34, 8 3 0, S_00000147566765a0;
 .timescale -9 -12;
    .port_info 0 /INPUT 1 "clk";
    .port_info 1 /INPUT 1 "rst";
    .port_info 2 /INPUT 1 "clear_acc";
    .port_info 3 /INPUT 16 "x_in";
    .port_info 4 /INPUT 16 "y_in";
    .port_info 5 /OUTPUT 16 "x_out";
    .port_info 6 /OUTPUT 16 "y_out";
    .port_info 7 /OUTPUT 32 "z_acc";
v00000147566775c0_0 .net/s *"_ivl_0", 31 0, L_0000014756688d30;  1 drivers
v00000147566772a0_0 .net/s *"_ivl_2", 31 0, L_0000014756687cf0;  1 drivers
v0000014756677480_0 .net *"_ivl_8", 21 0, L_00000147566f8280;  1 drivers
v0000014756677f20_0 .net "clear_acc", 0 0, v00000147566836c0_0;  alias, 1 drivers
v0000014756678740_0 .net "clk", 0 0, v000001475668a770_0;  alias, 1 drivers
v0000014756677ca0_0 .net/s "product_full", 31 0, L_00000147566f72e0;  1 drivers
v0000014756676e40_0 .net/s "product_q5_10", 31 0, L_00000147566f6980;  1 drivers
v0000014756677d40_0 .net "rst", 0 0, L_000001475656ade0;  alias, 1 drivers
v00000147566778e0_0 .net/s "x_in", 15 0, v0000014756678a60_0;  alias, 1 drivers
v0000014756678420_0 .var/s "x_out", 15 0;
v0000014756677200_0 .net/s "y_in", 15 0, L_000001475656a980;  alias, 1 drivers
v0000014756677b60_0 .var/s "y_out", 15 0;
v0000014756677660_0 .var/s "z_acc", 31 0;
L_0000014756688d30 .extend/s 32, v0000014756678a60_0;
L_0000014756687cf0 .extend/s 32, L_000001475656a980;
L_00000147566f72e0 .arith/mult 32, L_0000014756688d30, L_0000014756687cf0;
L_00000147566f8280 .part L_00000147566f72e0, 10, 22;
L_00000147566f6980 .extend/s 32, L_00000147566f8280;
S_0000014756675ab0 .scope generate, "PE_COLS[2]" "PE_COLS[2]" 7 33, 7 33 0, S_00000147566760f0;
 .timescale -9 -12;
P_00000147565f1450 .param/l "c" 0 7 33, +C4<010>;
S_0000014756675f60 .scope module, "pe_inst" "pe_cell_q5_10" 7 34, 8 3 0, S_0000014756675ab0;
 .timescale -9 -12;
    .port_info 0 /INPUT 1 "clk";
    .port_info 1 /INPUT 1 "rst";
    .port_info 2 /INPUT 1 "clear_acc";
    .port_info 3 /INPUT 16 "x_in";
    .port_info 4 /INPUT 16 "y_in";
    .port_info 5 /OUTPUT 16 "x_out";
    .port_info 6 /OUTPUT 16 "y_out";
    .port_info 7 /OUTPUT 32 "z_acc";
v0000014756677fc0_0 .net/s *"_ivl_0", 31 0, L_00000147566f6520;  1 drivers
v00000147566787e0_0 .net/s *"_ivl_2", 31 0, L_00000147566f8320;  1 drivers
v00000147566784c0_0 .net *"_ivl_8", 21 0, L_00000147566f6340;  1 drivers
v0000014756677de0_0 .net "clear_acc", 0 0, v00000147566836c0_0;  alias, 1 drivers
v0000014756676ee0_0 .net "clk", 0 0, v000001475668a770_0;  alias, 1 drivers
v0000014756677700_0 .net/s "product_full", 31 0, L_00000147566f7880;  1 drivers
v00000147566773e0_0 .net/s "product_q5_10", 31 0, L_00000147566f6660;  1 drivers
v0000014756678560_0 .net "rst", 0 0, L_000001475656ade0;  alias, 1 drivers
v00000147566777a0_0 .net/s "x_in", 15 0, v0000014756678420_0;  alias, 1 drivers
v0000014756677520_0 .var/s "x_out", 15 0;
v0000014756677840_0 .net/s "y_in", 15 0, L_000001475656b1d0;  alias, 1 drivers
v0000014756678060_0 .var/s "y_out", 15 0;
v0000014756678600_0 .var/s "z_acc", 31 0;
L_00000147566f6520 .extend/s 32, v0000014756678420_0;
L_00000147566f8320 .extend/s 32, L_000001475656b1d0;
L_00000147566f7880 .arith/mult 32, L_00000147566f6520, L_00000147566f8320;
L_00000147566f6340 .part L_00000147566f7880, 10, 22;
L_00000147566f6660 .extend/s 32, L_00000147566f6340;
S_0000014756675dd0 .scope generate, "PE_COLS[3]" "PE_COLS[3]" 7 33, 7 33 0, S_00000147566760f0;
 .timescale -9 -12;
P_00000147565f1e50 .param/l "c" 0 7 33, +C4<011>;
S_0000014756675470 .scope module, "pe_inst" "pe_cell_q5_10" 7 34, 8 3 0, S_0000014756675dd0;
 .timescale -9 -12;
    .port_info 0 /INPUT 1 "clk";
    .port_info 1 /INPUT 1 "rst";
    .port_info 2 /INPUT 1 "clear_acc";
    .port_info 3 /INPUT 16 "x_in";
    .port_info 4 /INPUT 16 "y_in";
    .port_info 5 /OUTPUT 16 "x_out";
    .port_info 6 /OUTPUT 16 "y_out";
    .port_info 7 /OUTPUT 32 "z_acc";
v0000014756678880_0 .net/s *"_ivl_0", 31 0, L_00000147566f83c0;  1 drivers
v0000014756677980_0 .net/s *"_ivl_2", 31 0, L_00000147566f6480;  1 drivers
v0000014756678100_0 .net *"_ivl_8", 21 0, L_00000147566f7380;  1 drivers
v00000147566781a0_0 .net "clear_acc", 0 0, v00000147566836c0_0;  alias, 1 drivers
v0000014756677a20_0 .net "clk", 0 0, v000001475668a770_0;  alias, 1 drivers
v0000014756678240_0 .net/s "product_full", 31 0, L_00000147566f7b00;  1 drivers
v0000014756677ac0_0 .net/s "product_q5_10", 31 0, L_00000147566f60c0;  1 drivers
v000001475667a390_0 .net "rst", 0 0, L_000001475656ade0;  alias, 1 drivers
v0000014756679f30_0 .net/s "x_in", 15 0, v0000014756677520_0;  alias, 1 drivers
v0000014756679cb0_0 .var/s "x_out", 15 0;
v00000147566792b0_0 .net/s "y_in", 15 0, L_000001475656ab40;  alias, 1 drivers
v000001475667a430_0 .var/s "y_out", 15 0;
v000001475667a930_0 .var/s "z_acc", 31 0;
L_00000147566f83c0 .extend/s 32, v0000014756677520_0;
L_00000147566f6480 .extend/s 32, L_000001475656ab40;
L_00000147566f7b00 .arith/mult 32, L_00000147566f83c0, L_00000147566f6480;
L_00000147566f7380 .part L_00000147566f7b00, 10, 22;
L_00000147566f60c0 .extend/s 32, L_00000147566f7380;
S_0000014756676280 .scope generate, "PE_ROWS[1]" "PE_ROWS[1]" 7 32, 7 32 0, S_00000147564c1100;
 .timescale -9 -12;
P_00000147565f1390 .param/l "r" 0 7 32, +C4<01>;
S_0000014756675600 .scope generate, "PE_COLS[0]" "PE_COLS[0]" 7 33, 7 33 0, S_0000014756676280;
 .timescale -9 -12;
P_00000147565f1d90 .param/l "c" 0 7 33, +C4<00>;
S_0000014756676730 .scope module, "pe_inst" "pe_cell_q5_10" 7 34, 8 3 0, S_0000014756675600;
 .timescale -9 -12;
    .port_info 0 /INPUT 1 "clk";
    .port_info 1 /INPUT 1 "rst";
    .port_info 2 /INPUT 1 "clear_acc";
    .port_info 3 /INPUT 16 "x_in";
    .port_info 4 /INPUT 16 "y_in";
    .port_info 5 /OUTPUT 16 "x_out";
    .port_info 6 /OUTPUT 16 "y_out";
    .port_info 7 /OUTPUT 32 "z_acc";
v0000014756679e90_0 .net/s *"_ivl_0", 31 0, L_00000147566f6fc0;  1 drivers
v000001475667a750_0 .net/s *"_ivl_2", 31 0, L_00000147566f65c0;  1 drivers
v000001475667a890_0 .net *"_ivl_8", 21 0, L_00000147566f7e20;  1 drivers
v0000014756679fd0_0 .net "clear_acc", 0 0, v00000147566836c0_0;  alias, 1 drivers
v0000014756679350_0 .net "clk", 0 0, v000001475668a770_0;  alias, 1 drivers
v00000147566790d0_0 .net/s "product_full", 31 0, L_00000147566f6c00;  1 drivers
v000001475667a7f0_0 .net/s "product_q5_10", 31 0, L_00000147566f7ec0;  1 drivers
v0000014756679d50_0 .net "rst", 0 0, L_000001475656ade0;  alias, 1 drivers
v0000014756679990_0 .net/s "x_in", 15 0, L_000001475656b010;  alias, 1 drivers
v00000147566797b0_0 .var/s "x_out", 15 0;
v00000147566795d0_0 .net/s "y_in", 15 0, v00000147566770c0_0;  alias, 1 drivers
v00000147566793f0_0 .var/s "y_out", 15 0;
v000001475667a9d0_0 .var/s "z_acc", 31 0;
L_00000147566f6fc0 .extend/s 32, L_000001475656b010;
L_00000147566f65c0 .extend/s 32, v00000147566770c0_0;
L_00000147566f6c00 .arith/mult 32, L_00000147566f6fc0, L_00000147566f65c0;
L_00000147566f7e20 .part L_00000147566f6c00, 10, 22;
L_00000147566f7ec0 .extend/s 32, L_00000147566f7e20;
S_0000014756676a50 .scope generate, "PE_COLS[1]" "PE_COLS[1]" 7 33, 7 33 0, S_0000014756676280;
 .timescale -9 -12;
P_00000147565f13d0 .param/l "c" 0 7 33, +C4<01>;
S_0000014756676be0 .scope module, "pe_inst" "pe_cell_q5_10" 7 34, 8 3 0, S_0000014756676a50;
 .timescale -9 -12;
    .port_info 0 /INPUT 1 "clk";
    .port_info 1 /INPUT 1 "rst";
    .port_info 2 /INPUT 1 "clear_acc";
    .port_info 3 /INPUT 16 "x_in";
    .port_info 4 /INPUT 16 "y_in";
    .port_info 5 /OUTPUT 16 "x_out";
    .port_info 6 /OUTPUT 16 "y_out";
    .port_info 7 /OUTPUT 32 "z_acc";
v0000014756679490_0 .net/s *"_ivl_0", 31 0, L_00000147566f7ba0;  1 drivers
v000001475667a6b0_0 .net/s *"_ivl_2", 31 0, L_00000147566f7420;  1 drivers
v000001475667aa70_0 .net *"_ivl_8", 21 0, L_00000147566f76a0;  1 drivers
v0000014756679c10_0 .net "clear_acc", 0 0, v00000147566836c0_0;  alias, 1 drivers
v000001475667ab10_0 .net "clk", 0 0, v000001475668a770_0;  alias, 1 drivers
v000001475667abb0_0 .net/s "product_full", 31 0, L_00000147566f68e0;  1 drivers
v0000014756679df0_0 .net/s "product_q5_10", 31 0, L_00000147566f6700;  1 drivers
v000001475667a1b0_0 .net "rst", 0 0, L_000001475656ade0;  alias, 1 drivers
v000001475667ac50_0 .net/s "x_in", 15 0, v00000147566797b0_0;  alias, 1 drivers
v000001475667acf0_0 .var/s "x_out", 15 0;
v000001475667a250_0 .net/s "y_in", 15 0, v0000014756677b60_0;  alias, 1 drivers
v000001475667a070_0 .var/s "y_out", 15 0;
v0000014756679170_0 .var/s "z_acc", 31 0;
L_00000147566f7ba0 .extend/s 32, v00000147566797b0_0;
L_00000147566f7420 .extend/s 32, v0000014756677b60_0;
L_00000147566f68e0 .arith/mult 32, L_00000147566f7ba0, L_00000147566f7420;
L_00000147566f76a0 .part L_00000147566f68e0, 10, 22;
L_00000147566f6700 .extend/s 32, L_00000147566f76a0;
S_0000014756674e30 .scope generate, "PE_COLS[2]" "PE_COLS[2]" 7 33, 7 33 0, S_0000014756676280;
 .timescale -9 -12;
P_00000147565f1410 .param/l "c" 0 7 33, +C4<010>;
S_0000014756674fc0 .scope module, "pe_inst" "pe_cell_q5_10" 7 34, 8 3 0, S_0000014756674e30;
 .timescale -9 -12;
    .port_info 0 /INPUT 1 "clk";
    .port_info 1 /INPUT 1 "rst";
    .port_info 2 /INPUT 1 "clear_acc";
    .port_info 3 /INPUT 16 "x_in";
    .port_info 4 /INPUT 16 "y_in";
    .port_info 5 /OUTPUT 16 "x_out";
    .port_info 6 /OUTPUT 16 "y_out";
    .port_info 7 /OUTPUT 32 "z_acc";
v0000014756679530_0 .net/s *"_ivl_0", 31 0, L_00000147566f80a0;  1 drivers
v000001475667a110_0 .net/s *"_ivl_2", 31 0, L_00000147566f7a60;  1 drivers
v0000014756678e50_0 .net *"_ivl_8", 21 0, L_00000147566f7d80;  1 drivers
v0000014756678ef0_0 .net "clear_acc", 0 0, v00000147566836c0_0;  alias, 1 drivers
v0000014756678f90_0 .net "clk", 0 0, v000001475668a770_0;  alias, 1 drivers
v0000014756679210_0 .net/s "product_full", 31 0, L_00000147566f6b60;  1 drivers
v000001475667a610_0 .net/s "product_q5_10", 31 0, L_00000147566f6a20;  1 drivers
v000001475667a2f0_0 .net "rst", 0 0, L_000001475656ade0;  alias, 1 drivers
v0000014756679670_0 .net/s "x_in", 15 0, v000001475667acf0_0;  alias, 1 drivers
v0000014756679030_0 .var/s "x_out", 15 0;
v000001475667a4d0_0 .net/s "y_in", 15 0, v0000014756678060_0;  alias, 1 drivers
v0000014756679710_0 .var/s "y_out", 15 0;
v0000014756679850_0 .var/s "z_acc", 31 0;
L_00000147566f80a0 .extend/s 32, v000001475667acf0_0;
L_00000147566f7a60 .extend/s 32, v0000014756678060_0;
L_00000147566f6b60 .arith/mult 32, L_00000147566f80a0, L_00000147566f7a60;
L_00000147566f7d80 .part L_00000147566f6b60, 10, 22;
L_00000147566f6a20 .extend/s 32, L_00000147566f7d80;
S_000001475667d000 .scope generate, "PE_COLS[3]" "PE_COLS[3]" 7 33, 7 33 0, S_0000014756676280;
 .timescale -9 -12;
P_00000147565f1190 .param/l "c" 0 7 33, +C4<011>;
S_000001475667d4b0 .scope module, "pe_inst" "pe_cell_q5_10" 7 34, 8 3 0, S_000001475667d000;
 .timescale -9 -12;
    .port_info 0 /INPUT 1 "clk";
    .port_info 1 /INPUT 1 "rst";
    .port_info 2 /INPUT 1 "clear_acc";
    .port_info 3 /INPUT 16 "x_in";
    .port_info 4 /INPUT 16 "y_in";
    .port_info 5 /OUTPUT 16 "x_out";
    .port_info 6 /OUTPUT 16 "y_out";
    .port_info 7 /OUTPUT 32 "z_acc";
v000001475667a570_0 .net/s *"_ivl_0", 31 0, L_00000147566f7060;  1 drivers
v00000147566798f0_0 .net/s *"_ivl_2", 31 0, L_00000147566f7c40;  1 drivers
v0000014756679a30_0 .net *"_ivl_8", 21 0, L_00000147566f7ce0;  1 drivers
v0000014756679ad0_0 .net "clear_acc", 0 0, v00000147566836c0_0;  alias, 1 drivers
v0000014756679b70_0 .net "clk", 0 0, v000001475668a770_0;  alias, 1 drivers
v00000147566801e0_0 .net/s "product_full", 31 0, L_00000147566f6020;  1 drivers
v000001475667ef20_0 .net/s "product_q5_10", 31 0, L_00000147566f85a0;  1 drivers
v00000147566806e0_0 .net "rst", 0 0, L_000001475656ade0;  alias, 1 drivers
v000001475667efc0_0 .net/s "x_in", 15 0, v0000014756679030_0;  alias, 1 drivers
v000001475667fce0_0 .var/s "x_out", 15 0;
v000001475667f2e0_0 .net/s "y_in", 15 0, v000001475667a430_0;  alias, 1 drivers
v00000147566803c0_0 .var/s "y_out", 15 0;
v0000014756680960_0 .var/s "z_acc", 31 0;
L_00000147566f7060 .extend/s 32, v0000014756679030_0;
L_00000147566f7c40 .extend/s 32, v000001475667a430_0;
L_00000147566f6020 .arith/mult 32, L_00000147566f7060, L_00000147566f7c40;
L_00000147566f7ce0 .part L_00000147566f6020, 10, 22;
L_00000147566f85a0 .extend/s 32, L_00000147566f7ce0;
S_000001475667daf0 .scope generate, "PE_ROWS[2]" "PE_ROWS[2]" 7 32, 7 32 0, S_00000147564c1100;
 .timescale -9 -12;
P_00000147565f14d0 .param/l "r" 0 7 32, +C4<010>;
S_000001475667d640 .scope generate, "PE_COLS[0]" "PE_COLS[0]" 7 33, 7 33 0, S_000001475667daf0;
 .timescale -9 -12;
P_00000147565f1e10 .param/l "c" 0 7 33, +C4<00>;
S_000001475667e5e0 .scope module, "pe_inst" "pe_cell_q5_10" 7 34, 8 3 0, S_000001475667d640;
 .timescale -9 -12;
    .port_info 0 /INPUT 1 "clk";
    .port_info 1 /INPUT 1 "rst";
    .port_info 2 /INPUT 1 "clear_acc";
    .port_info 3 /INPUT 16 "x_in";
    .port_info 4 /INPUT 16 "y_in";
    .port_info 5 /OUTPUT 16 "x_out";
    .port_info 6 /OUTPUT 16 "y_out";
    .port_info 7 /OUTPUT 32 "z_acc";
v000001475667fec0_0 .net/s *"_ivl_0", 31 0, L_00000147566f6ca0;  1 drivers
v0000014756680780_0 .net/s *"_ivl_2", 31 0, L_00000147566f74c0;  1 drivers
v00000147566808c0_0 .net *"_ivl_8", 21 0, L_00000147566f8640;  1 drivers
v000001475667ff60_0 .net "clear_acc", 0 0, v00000147566836c0_0;  alias, 1 drivers
v000001475667f380_0 .net "clk", 0 0, v000001475668a770_0;  alias, 1 drivers
v000001475667f100_0 .net/s "product_full", 31 0, L_00000147566f7f60;  1 drivers
v0000014756680320_0 .net/s "product_q5_10", 31 0, L_00000147566f7560;  1 drivers
v0000014756680000_0 .net "rst", 0 0, L_000001475656ade0;  alias, 1 drivers
v0000014756680b40_0 .net/s "x_in", 15 0, L_000001475656ad70;  alias, 1 drivers
v00000147566805a0_0 .var/s "x_out", 15 0;
v000001475667f6a0_0 .net/s "y_in", 15 0, v00000147566793f0_0;  alias, 1 drivers
v00000147566800a0_0 .var/s "y_out", 15 0;
v0000014756680140_0 .var/s "z_acc", 31 0;
L_00000147566f6ca0 .extend/s 32, L_000001475656ad70;
L_00000147566f74c0 .extend/s 32, v00000147566793f0_0;
L_00000147566f7f60 .arith/mult 32, L_00000147566f6ca0, L_00000147566f74c0;
L_00000147566f8640 .part L_00000147566f7f60, 10, 22;
L_00000147566f7560 .extend/s 32, L_00000147566f8640;
S_000001475667de10 .scope generate, "PE_COLS[1]" "PE_COLS[1]" 7 33, 7 33 0, S_000001475667daf0;
 .timescale -9 -12;
P_00000147565f1f90 .param/l "c" 0 7 33, +C4<01>;
S_000001475667d7d0 .scope module, "pe_inst" "pe_cell_q5_10" 7 34, 8 3 0, S_000001475667de10;
 .timescale -9 -12;
    .port_info 0 /INPUT 1 "clk";
    .port_info 1 /INPUT 1 "rst";
    .port_info 2 /INPUT 1 "clear_acc";
    .port_info 3 /INPUT 16 "x_in";
    .port_info 4 /INPUT 16 "y_in";
    .port_info 5 /OUTPUT 16 "x_out";
    .port_info 6 /OUTPUT 16 "y_out";
    .port_info 7 /OUTPUT 32 "z_acc";
v0000014756680be0_0 .net/s *"_ivl_0", 31 0, L_00000147566f86e0;  1 drivers
v0000014756680c80_0 .net/s *"_ivl_2", 31 0, L_00000147566f7920;  1 drivers
v000001475667f4c0_0 .net *"_ivl_8", 21 0, L_00000147566f71a0;  1 drivers
v0000014756680d20_0 .net "clear_acc", 0 0, v00000147566836c0_0;  alias, 1 drivers
v000001475667f1a0_0 .net "clk", 0 0, v000001475668a770_0;  alias, 1 drivers
v000001475667f060_0 .net/s "product_full", 31 0, L_00000147566f63e0;  1 drivers
v000001475667fc40_0 .net/s "product_q5_10", 31 0, L_00000147566f5f80;  1 drivers
v0000014756680460_0 .net "rst", 0 0, L_000001475656ade0;  alias, 1 drivers
v000001475667f420_0 .net/s "x_in", 15 0, v00000147566805a0_0;  alias, 1 drivers
v0000014756680280_0 .var/s "x_out", 15 0;
v000001475667ee80_0 .net/s "y_in", 15 0, v000001475667a070_0;  alias, 1 drivers
v0000014756680a00_0 .var/s "y_out", 15 0;
v000001475667f740_0 .var/s "z_acc", 31 0;
L_00000147566f86e0 .extend/s 32, v00000147566805a0_0;
L_00000147566f7920 .extend/s 32, v000001475667a070_0;
L_00000147566f63e0 .arith/mult 32, L_00000147566f86e0, L_00000147566f7920;
L_00000147566f71a0 .part L_00000147566f63e0, 10, 22;
L_00000147566f5f80 .extend/s 32, L_00000147566f71a0;
S_000001475667d960 .scope generate, "PE_COLS[2]" "PE_COLS[2]" 7 33, 7 33 0, S_000001475667daf0;
 .timescale -9 -12;
P_00000147565f2090 .param/l "c" 0 7 33, +C4<010>;
S_000001475667e770 .scope module, "pe_inst" "pe_cell_q5_10" 7 34, 8 3 0, S_000001475667d960;
 .timescale -9 -12;
    .port_info 0 /INPUT 1 "clk";
    .port_info 1 /INPUT 1 "rst";
    .port_info 2 /INPUT 1 "clear_acc";
    .port_info 3 /INPUT 16 "x_in";
    .port_info 4 /INPUT 16 "y_in";
    .port_info 5 /OUTPUT 16 "x_out";
    .port_info 6 /OUTPUT 16 "y_out";
    .port_info 7 /OUTPUT 32 "z_acc";
v0000014756680500_0 .net/s *"_ivl_0", 31 0, L_00000147566f8000;  1 drivers
v000001475667f240_0 .net/s *"_ivl_2", 31 0, L_00000147566f79c0;  1 drivers
v000001475667f560_0 .net *"_ivl_8", 21 0, L_00000147566f8500;  1 drivers
v0000014756680640_0 .net "clear_acc", 0 0, v00000147566836c0_0;  alias, 1 drivers
v000001475667f7e0_0 .net "clk", 0 0, v000001475668a770_0;  alias, 1 drivers
v000001475667f880_0 .net/s "product_full", 31 0, L_00000147566f7600;  1 drivers
v000001475667f600_0 .net/s "product_q5_10", 31 0, L_00000147566f6de0;  1 drivers
v000001475667f920_0 .net "rst", 0 0, L_000001475656ade0;  alias, 1 drivers
v000001475667f9c0_0 .net/s "x_in", 15 0, v0000014756680280_0;  alias, 1 drivers
v000001475667fa60_0 .var/s "x_out", 15 0;
v000001475667fb00_0 .net/s "y_in", 15 0, v0000014756679710_0;  alias, 1 drivers
v0000014756680820_0 .var/s "y_out", 15 0;
v000001475667fba0_0 .var/s "z_acc", 31 0;
L_00000147566f8000 .extend/s 32, v0000014756680280_0;
L_00000147566f79c0 .extend/s 32, v0000014756679710_0;
L_00000147566f7600 .arith/mult 32, L_00000147566f8000, L_00000147566f79c0;
L_00000147566f8500 .part L_00000147566f7600, 10, 22;
L_00000147566f6de0 .extend/s 32, L_00000147566f8500;
S_000001475667e900 .scope generate, "PE_COLS[3]" "PE_COLS[3]" 7 33, 7 33 0, S_000001475667daf0;
 .timescale -9 -12;
P_00000147565f1990 .param/l "c" 0 7 33, +C4<011>;
S_000001475667ea90 .scope module, "pe_inst" "pe_cell_q5_10" 7 34, 8 3 0, S_000001475667e900;
 .timescale -9 -12;
    .port_info 0 /INPUT 1 "clk";
    .port_info 1 /INPUT 1 "rst";
    .port_info 2 /INPUT 1 "clear_acc";
    .port_info 3 /INPUT 16 "x_in";
    .port_info 4 /INPUT 16 "y_in";
    .port_info 5 /OUTPUT 16 "x_out";
    .port_info 6 /OUTPUT 16 "y_out";
    .port_info 7 /OUTPUT 32 "z_acc";
v0000014756680aa0_0 .net/s *"_ivl_0", 31 0, L_00000147566f6160;  1 drivers
v000001475667fd80_0 .net/s *"_ivl_2", 31 0, L_00000147566f8460;  1 drivers
v000001475667fe20_0 .net *"_ivl_8", 21 0, L_00000147566f6ac0;  1 drivers
v0000014756681a70_0 .net "clear_acc", 0 0, v00000147566836c0_0;  alias, 1 drivers
v00000147566821f0_0 .net "clk", 0 0, v000001475668a770_0;  alias, 1 drivers
v0000014756682d30_0 .net/s "product_full", 31 0, L_00000147566f67a0;  1 drivers
v0000014756681890_0 .net/s "product_q5_10", 31 0, L_00000147566f8140;  1 drivers
v0000014756682ab0_0 .net "rst", 0 0, L_000001475656ade0;  alias, 1 drivers
v0000014756682b50_0 .net/s "x_in", 15 0, v000001475667fa60_0;  alias, 1 drivers
v0000014756681c50_0 .var/s "x_out", 15 0;
v0000014756682290_0 .net/s "y_in", 15 0, v00000147566803c0_0;  alias, 1 drivers
v0000014756682330_0 .var/s "y_out", 15 0;
v00000147566811b0_0 .var/s "z_acc", 31 0;
L_00000147566f6160 .extend/s 32, v000001475667fa60_0;
L_00000147566f8460 .extend/s 32, v00000147566803c0_0;
L_00000147566f67a0 .arith/mult 32, L_00000147566f6160, L_00000147566f8460;
L_00000147566f6ac0 .part L_00000147566f67a0, 10, 22;
L_00000147566f8140 .extend/s 32, L_00000147566f6ac0;
S_000001475667e130 .scope generate, "PE_ROWS[3]" "PE_ROWS[3]" 7 32, 7 32 0, S_00000147564c1100;
 .timescale -9 -12;
P_00000147565f1550 .param/l "r" 0 7 32, +C4<011>;
S_000001475667ce70 .scope generate, "PE_COLS[0]" "PE_COLS[0]" 7 33, 7 33 0, S_000001475667e130;
 .timescale -9 -12;
P_00000147565f16d0 .param/l "c" 0 7 33, +C4<00>;
S_000001475667dc80 .scope module, "pe_inst" "pe_cell_q5_10" 7 34, 8 3 0, S_000001475667ce70;
 .timescale -9 -12;
    .port_info 0 /INPUT 1 "clk";
    .port_info 1 /INPUT 1 "rst";
    .port_info 2 /INPUT 1 "clear_acc";
    .port_info 3 /INPUT 16 "x_in";
    .port_info 4 /INPUT 16 "y_in";
    .port_info 5 /OUTPUT 16 "x_out";
    .port_info 6 /OUTPUT 16 "y_out";
    .port_info 7 /OUTPUT 32 "z_acc";
v0000014756682790_0 .net/s *"_ivl_0", 31 0, L_00000147566f7740;  1 drivers
v0000014756682bf0_0 .net/s *"_ivl_2", 31 0, L_00000147566f6200;  1 drivers
v0000014756680e90_0 .net *"_ivl_8", 21 0, L_00000147566f62a0;  1 drivers
v0000014756681430_0 .net "clear_acc", 0 0, v00000147566836c0_0;  alias, 1 drivers
v0000014756680f30_0 .net "clk", 0 0, v000001475668a770_0;  alias, 1 drivers
v0000014756681570_0 .net/s "product_full", 31 0, L_00000147566f7100;  1 drivers
v0000014756682c90_0 .net/s "product_q5_10", 31 0, L_00000147566f6840;  1 drivers
v0000014756682010_0 .net "rst", 0 0, L_000001475656ade0;  alias, 1 drivers
v0000014756681ed0_0 .net/s "x_in", 15 0, L_000001475656aad0;  alias, 1 drivers
v0000014756681f70_0 .var/s "x_out", 15 0;
v0000014756680fd0_0 .net/s "y_in", 15 0, v00000147566800a0_0;  alias, 1 drivers
v0000014756681930_0 .var/s "y_out", 15 0;
v0000014756682830_0 .var/s "z_acc", 31 0;
L_00000147566f7740 .extend/s 32, L_000001475656aad0;
L_00000147566f6200 .extend/s 32, v00000147566800a0_0;
L_00000147566f7100 .arith/mult 32, L_00000147566f7740, L_00000147566f6200;
L_00000147566f62a0 .part L_00000147566f7100, 10, 22;
L_00000147566f6840 .extend/s 32, L_00000147566f62a0;
S_000001475667dfa0 .scope generate, "PE_COLS[1]" "PE_COLS[1]" 7 33, 7 33 0, S_000001475667e130;
 .timescale -9 -12;
P_00000147565f20d0 .param/l "c" 0 7 33, +C4<01>;
S_000001475667e2c0 .scope module, "pe_inst" "pe_cell_q5_10" 7 34, 8 3 0, S_000001475667dfa0;
 .timescale -9 -12;
    .port_info 0 /INPUT 1 "clk";
    .port_info 1 /INPUT 1 "rst";
    .port_info 2 /INPUT 1 "clear_acc";
    .port_info 3 /INPUT 16 "x_in";
    .port_info 4 /INPUT 16 "y_in";
    .port_info 5 /OUTPUT 16 "x_out";
    .port_info 6 /OUTPUT 16 "y_out";
    .port_info 7 /OUTPUT 32 "z_acc";
v00000147566816b0_0 .net/s *"_ivl_0", 31 0, L_00000147566f6d40;  1 drivers
v00000147566823d0_0 .net/s *"_ivl_2", 31 0, L_00000147566f6e80;  1 drivers
v00000147566820b0_0 .net *"_ivl_8", 21 0, L_00000147566f81e0;  1 drivers
v00000147566825b0_0 .net "clear_acc", 0 0, v00000147566836c0_0;  alias, 1 drivers
v0000014756681390_0 .net "clk", 0 0, v000001475668a770_0;  alias, 1 drivers
v0000014756681610_0 .net/s "product_full", 31 0, L_00000147566f6f20;  1 drivers
v0000014756682150_0 .net/s "product_q5_10", 31 0, L_00000147566f7240;  1 drivers
v00000147566828d0_0 .net "rst", 0 0, L_000001475656ade0;  alias, 1 drivers
v0000014756681250_0 .net/s "x_in", 15 0, v0000014756681f70_0;  alias, 1 drivers
v0000014756682470_0 .var/s "x_out", 15 0;
v00000147566814d0_0 .net/s "y_in", 15 0, v0000014756680a00_0;  alias, 1 drivers
v0000014756682650_0 .var/s "y_out", 15 0;
v0000014756681070_0 .var/s "z_acc", 31 0;
L_00000147566f6d40 .extend/s 32, v0000014756681f70_0;
L_00000147566f6e80 .extend/s 32, v0000014756680a00_0;
L_00000147566f6f20 .arith/mult 32, L_00000147566f6d40, L_00000147566f6e80;
L_00000147566f81e0 .part L_00000147566f6f20, 10, 22;
L_00000147566f7240 .extend/s 32, L_00000147566f81e0;
S_000001475667e450 .scope generate, "PE_COLS[2]" "PE_COLS[2]" 7 33, 7 33 0, S_000001475667e130;
 .timescale -9 -12;
P_00000147565f1110 .param/l "c" 0 7 33, +C4<010>;
S_000001475667ec20 .scope module, "pe_inst" "pe_cell_q5_10" 7 34, 8 3 0, S_000001475667e450;
 .timescale -9 -12;
    .port_info 0 /INPUT 1 "clk";
    .port_info 1 /INPUT 1 "rst";
    .port_info 2 /INPUT 1 "clear_acc";
    .port_info 3 /INPUT 16 "x_in";
    .port_info 4 /INPUT 16 "y_in";
    .port_info 5 /OUTPUT 16 "x_out";
    .port_info 6 /OUTPUT 16 "y_out";
    .port_info 7 /OUTPUT 32 "z_acc";
v0000014756681cf0_0 .net/s *"_ivl_0", 31 0, L_00000147566f77e0;  1 drivers
v0000014756681750_0 .net/s *"_ivl_2", 31 0, L_00000147566f9a40;  1 drivers
v0000014756681d90_0 .net *"_ivl_8", 21 0, L_00000147566f8e60;  1 drivers
v00000147566817f0_0 .net "clear_acc", 0 0, v00000147566836c0_0;  alias, 1 drivers
v0000014756682510_0 .net "clk", 0 0, v000001475668a770_0;  alias, 1 drivers
v0000014756681110_0 .net/s "product_full", 31 0, L_00000147566f88c0;  1 drivers
v00000147566812f0_0 .net/s "product_q5_10", 31 0, L_00000147566f92c0;  1 drivers
v0000014756681e30_0 .net "rst", 0 0, L_000001475656ade0;  alias, 1 drivers
v00000147566826f0_0 .net/s "x_in", 15 0, v0000014756682470_0;  alias, 1 drivers
v0000014756682970_0 .var/s "x_out", 15 0;
v00000147566819d0_0 .net/s "y_in", 15 0, v0000014756680820_0;  alias, 1 drivers
v0000014756681b10_0 .var/s "y_out", 15 0;
v0000014756681bb0_0 .var/s "z_acc", 31 0;
L_00000147566f77e0 .extend/s 32, v0000014756682470_0;
L_00000147566f9a40 .extend/s 32, v0000014756680820_0;
L_00000147566f88c0 .arith/mult 32, L_00000147566f77e0, L_00000147566f9a40;
L_00000147566f8e60 .part L_00000147566f88c0, 10, 22;
L_00000147566f92c0 .extend/s 32, L_00000147566f8e60;
S_000001475667d190 .scope generate, "PE_COLS[3]" "PE_COLS[3]" 7 33, 7 33 0, S_000001475667e130;
 .timescale -9 -12;
P_00000147565f11d0 .param/l "c" 0 7 33, +C4<011>;
S_000001475667d320 .scope module, "pe_inst" "pe_cell_q5_10" 7 34, 8 3 0, S_000001475667d190;
 .timescale -9 -12;
    .port_info 0 /INPUT 1 "clk";
    .port_info 1 /INPUT 1 "rst";
    .port_info 2 /INPUT 1 "clear_acc";
    .port_info 3 /INPUT 16 "x_in";
    .port_info 4 /INPUT 16 "y_in";
    .port_info 5 /OUTPUT 16 "x_out";
    .port_info 6 /OUTPUT 16 "y_out";
    .port_info 7 /OUTPUT 32 "z_acc";
v0000014756682a10_0 .net/s *"_ivl_0", 31 0, L_00000147566f9400;  1 drivers
v0000014756684020_0 .net/s *"_ivl_2", 31 0, L_00000147566f8d20;  1 drivers
v0000014756683ee0_0 .net *"_ivl_8", 21 0, L_00000147566f9720;  1 drivers
v00000147566838a0_0 .net "clear_acc", 0 0, v00000147566836c0_0;  alias, 1 drivers
v0000014756683120_0 .net "clk", 0 0, v000001475668a770_0;  alias, 1 drivers
v0000014756683da0_0 .net/s "product_full", 31 0, L_00000147566f94a0;  1 drivers
v0000014756683e40_0 .net/s "product_q5_10", 31 0, L_00000147566f8dc0;  1 drivers
v0000014756683f80_0 .net "rst", 0 0, L_000001475656ade0;  alias, 1 drivers
v0000014756684d40_0 .net/s "x_in", 15 0, v0000014756682970_0;  alias, 1 drivers
v0000014756683940_0 .var/s "x_out", 15 0;
v0000014756684ac0_0 .net/s "y_in", 15 0, v0000014756682330_0;  alias, 1 drivers
v0000014756684c00_0 .var/s "y_out", 15 0;
v00000147566839e0_0 .var/s "z_acc", 31 0;
L_00000147566f9400 .extend/s 32, v0000014756682970_0;
L_00000147566f8d20 .extend/s 32, v0000014756682330_0;
L_00000147566f94a0 .arith/mult 32, L_00000147566f9400, L_00000147566f8d20;
L_00000147566f9720 .part L_00000147566f94a0, 10, 22;
L_00000147566f8dc0 .extend/s 32, L_00000147566f9720;
S_0000014756695060 .scope autotask, "issue_matgo" "issue_matgo" 3 61, 3 61 0, S_0000014756533540;
 .timescale -9 -12;
v000001475668a6d0_0 .var/i "guard", 31 0;
TD_tb_matrix_accel_periph_manual.issue_matgo ;
    %wait E_00000147565f1490;
    %pushi/vec4 1409287435, 0, 32;
    %assign/vec4 v0000014756689c30_0, 0;
    %pushi/vec4 1, 0, 1;
    %assign/vec4 v00000147566899b0_0, 0;
    %pushi/vec4 0, 0, 32;
    %store/vec4 v000001475668a6d0_0, 0, 32;
T_1.0 ;
    %load/vec4 v0000014756687bb0_0;
    %nor/r;
    %flag_set/vec4 8;
    %jmp/0xz T_1.1, 8;
    %wait E_00000147565f1490;
    %load/vec4 v000001475668a6d0_0;
    %addi 1, 0, 32;
    %store/vec4 v000001475668a6d0_0, 0, 32;
    %load/vec4 v000001475668a6d0_0;
    %cmpi/s 200, 0, 32;
    %flag_or 5, 4; GT is !LE
    %flag_inv 5;
    %jmp/0xz  T_1.2, 5;
    %vpi_call/w 3 72 "$display", "TB_FAIL timeout waiting for pcpi_ready" {0 0 0};
    %vpi_call/w 3 73 "$fatal", 32'sb00000000000000000000000000000001, "PCPI did not complete" {0 0 0};
T_1.2 ;
    %jmp T_1.0;
T_1.1 ;
    %vpi_call/w 3 76 "$display", "TB_INFO pcpi_complete wr=%0d rd=%0d wait=%0d", v0000014756689870_0, v0000014756687d90_0, v0000014756688470_0 {0 0 0};
    %wait E_00000147565f1490;
    %pushi/vec4 0, 0, 1;
    %assign/vec4 v00000147566899b0_0, 0;
    %pushi/vec4 0, 0, 32;
    %assign/vec4 v0000014756689c30_0, 0;
    %end;
S_0000014756695380 .scope autotask, "mmio_read" "mmio_read" 3 46, 3 46 0, S_0000014756533540;
 .timescale -9 -12;
v000001475668a310_0 .var "addr", 31 0;
v000001475668a3b0_0 .var "data", 31 0;
TD_tb_matrix_accel_periph_manual.mmio_read ;
    %wait E_00000147565f1490;
    %load/vec4 v000001475668a310_0;
    %assign/vec4 v0000014756689550_0, 0;
    %pushi/vec4 0, 0, 4;
    %assign/vec4 v00000147566895f0_0, 0;
    %pushi/vec4 0, 0, 32;
    %assign/vec4 v0000014756687ed0_0, 0;
    %pushi/vec4 1, 0, 1;
    %assign/vec4 v0000014756688970_0, 0;
    %delay 1000, 0;
    %load/vec4 v0000014756689050_0;
    %store/vec4 v000001475668a3b0_0, 0, 32;
    %wait E_00000147565f1490;
    %pushi/vec4 0, 0, 1;
    %assign/vec4 v0000014756688970_0, 0;
    %end;
    .scope S_00000147564f8610;
T_3 ;
    %wait E_00000147565f0690;
    %pushi/vec4 0, 0, 64;
    %store/vec4 v00000147566098d0_0, 0, 64;
    %pushi/vec4 0, 0, 64;
    %store/vec4 v00000147566095b0_0, 0, 64;
    %pushi/vec4 0, 0, 32;
    %store/vec4 v0000014756608430_0, 0, 32;
T_3.0 ;
    %load/vec4 v0000014756608430_0;
    %cmpi/s 4, 0, 32;
    %jmp/0xz T_3.1, 5;
    %pushi/vec4 0, 0, 1;
    %load/vec4 v00000147566096f0_0;
    %concat/vec4; draw_concat_vec4
    %pad/s 32;
    %load/vec4 v0000014756608430_0;
    %sub;
    %store/vec4 v0000014756609790_0, 0, 32;
    %pushi/vec4 0, 0, 16;
    %store/vec4 v0000014756609970_0, 0, 16;
    %load/vec4 v0000014756609790_0;
    %cmpi/s 0, 0, 32;
    %flag_inv 5; GE is !LT
    %flag_get/vec4 5;
    %jmp/0 T_3.4, 5;
    %load/vec4 v0000014756609790_0;
    %cmpi/s 4, 0, 32;
    %flag_get/vec4 5;
    %and;
T_3.4;
    %flag_set/vec4 8;
    %jmp/0xz  T_3.2, 8;
    %load/vec4 v0000014756608b10_0;
    %load/vec4 v0000014756608430_0;
    %load/vec4 v0000014756609790_0;
    %store/vec4 v0000014756609a10_0, 0, 32;
    %store/vec4 v0000014756609470_0, 0, 32;
    %store/vec4 v0000014756609fb0_0, 0, 256;
    %callf/vec4 TD_tb_matrix_accel_periph_manual.dut.accel_inst.issue_inst.mat_get, S_00000147564c0f70;
    %store/vec4 v0000014756609970_0, 0, 16;
T_3.2 ;
    %load/vec4 v0000014756609970_0;
    %load/vec4 v0000014756608430_0;
    %muli 16, 0, 32;
    %ix/vec4/s 4;
    %store/vec4 v00000147566098d0_0, 4, 16;
    %load/vec4 v0000014756608430_0;
    %addi 1, 0, 32;
    %store/vec4 v0000014756608430_0, 0, 32;
    %jmp T_3.0;
T_3.1 ;
    %pushi/vec4 0, 0, 32;
    %store/vec4 v0000014756608430_0, 0, 32;
T_3.5 ;
    %load/vec4 v0000014756608430_0;
    %cmpi/s 4, 0, 32;
    %jmp/0xz T_3.6, 5;
    %pushi/vec4 0, 0, 1;
    %load/vec4 v00000147566096f0_0;
    %concat/vec4; draw_concat_vec4
    %pad/s 32;
    %load/vec4 v0000014756608430_0;
    %sub;
    %store/vec4 v0000014756609790_0, 0, 32;
    %pushi/vec4 0, 0, 16;
    %store/vec4 v0000014756609650_0, 0, 16;
    %load/vec4 v0000014756609790_0;
    %cmpi/s 0, 0, 32;
    %flag_inv 5; GE is !LT
    %flag_get/vec4 5;
    %jmp/0 T_3.9, 5;
    %load/vec4 v0000014756609790_0;
    %cmpi/s 4, 0, 32;
    %flag_get/vec4 5;
    %and;
T_3.9;
    %flag_set/vec4 8;
    %jmp/0xz  T_3.7, 8;
    %load/vec4 v0000014756609510_0;
    %load/vec4 v0000014756609790_0;
    %load/vec4 v0000014756608430_0;
    %store/vec4 v0000014756609a10_0, 0, 32;
    %store/vec4 v0000014756609470_0, 0, 32;
    %store/vec4 v0000014756609fb0_0, 0, 256;
    %callf/vec4 TD_tb_matrix_accel_periph_manual.dut.accel_inst.issue_inst.mat_get, S_00000147564c0f70;
    %store/vec4 v0000014756609650_0, 0, 16;
T_3.7 ;
    %load/vec4 v0000014756609650_0;
    %load/vec4 v0000014756608430_0;
    %muli 16, 0, 32;
    %ix/vec4/s 4;
    %store/vec4 v00000147566095b0_0, 4, 16;
    %load/vec4 v0000014756608430_0;
    %addi 1, 0, 32;
    %store/vec4 v0000014756608430_0, 0, 32;
    %jmp T_3.5;
T_3.6 ;
    %jmp T_3;
    .thread T_3, $push;
    .scope S_00000147566768c0;
T_4 ;
    %wait E_00000147565f1490;
    %load/vec4 v0000014756678ba0_0;
    %flag_set/vec4 8;
    %jmp/1 T_4.2, 8;
    %load/vec4 v0000014756677020_0;
    %flag_set/vec4 9;
    %flag_or 8, 9;
T_4.2;
    %jmp/0xz  T_4.0, 8;
    %pushi/vec4 0, 0, 16;
    %assign/vec4 v0000014756678a60_0, 0;
    %pushi/vec4 0, 0, 16;
    %assign/vec4 v00000147566770c0_0, 0;
    %pushi/vec4 0, 0, 32;
    %assign/vec4 v0000014756678380_0, 0;
    %jmp T_4.1;
T_4.0 ;
    %load/vec4 v0000014756678c40_0;
    %assign/vec4 v0000014756678a60_0, 0;
    %load/vec4 v0000014756678920_0;
    %assign/vec4 v00000147566770c0_0, 0;
    %load/vec4 v0000014756678380_0;
    %load/vec4 v0000014756676f80_0;
    %add;
    %assign/vec4 v0000014756678380_0, 0;
T_4.1 ;
    %jmp T_4;
    .thread T_4;
    .scope S_0000014756676410;
T_5 ;
    %wait E_00000147565f1490;
    %load/vec4 v0000014756677d40_0;
    %flag_set/vec4 8;
    %jmp/1 T_5.2, 8;
    %load/vec4 v0000014756677f20_0;
    %flag_set/vec4 9;
    %flag_or 8, 9;
T_5.2;
    %jmp/0xz  T_5.0, 8;
    %pushi/vec4 0, 0, 16;
    %assign/vec4 v0000014756678420_0, 0;
    %pushi/vec4 0, 0, 16;
    %assign/vec4 v0000014756677b60_0, 0;
    %pushi/vec4 0, 0, 32;
    %assign/vec4 v0000014756677660_0, 0;
    %jmp T_5.1;
T_5.0 ;
    %load/vec4 v00000147566778e0_0;
    %assign/vec4 v0000014756678420_0, 0;
    %load/vec4 v0000014756677200_0;
    %assign/vec4 v0000014756677b60_0, 0;
    %load/vec4 v0000014756677660_0;
    %load/vec4 v0000014756676e40_0;
    %add;
    %assign/vec4 v0000014756677660_0, 0;
T_5.1 ;
    %jmp T_5;
    .thread T_5;
    .scope S_0000014756675f60;
T_6 ;
    %wait E_00000147565f1490;
    %load/vec4 v0000014756678560_0;
    %flag_set/vec4 8;
    %jmp/1 T_6.2, 8;
    %load/vec4 v0000014756677de0_0;
    %flag_set/vec4 9;
    %flag_or 8, 9;
T_6.2;
    %jmp/0xz  T_6.0, 8;
    %pushi/vec4 0, 0, 16;
    %assign/vec4 v0000014756677520_0, 0;
    %pushi/vec4 0, 0, 16;
    %assign/vec4 v0000014756678060_0, 0;
    %pushi/vec4 0, 0, 32;
    %assign/vec4 v0000014756678600_0, 0;
    %jmp T_6.1;
T_6.0 ;
    %load/vec4 v00000147566777a0_0;
    %assign/vec4 v0000014756677520_0, 0;
    %load/vec4 v0000014756677840_0;
    %assign/vec4 v0000014756678060_0, 0;
    %load/vec4 v0000014756678600_0;
    %load/vec4 v00000147566773e0_0;
    %add;
    %assign/vec4 v0000014756678600_0, 0;
T_6.1 ;
    %jmp T_6;
    .thread T_6;
    .scope S_0000014756675470;
T_7 ;
    %wait E_00000147565f1490;
    %load/vec4 v000001475667a390_0;
    %flag_set/vec4 8;
    %jmp/1 T_7.2, 8;
    %load/vec4 v00000147566781a0_0;
    %flag_set/vec4 9;
    %flag_or 8, 9;
T_7.2;
    %jmp/0xz  T_7.0, 8;
    %pushi/vec4 0, 0, 16;
    %assign/vec4 v0000014756679cb0_0, 0;
    %pushi/vec4 0, 0, 16;
    %assign/vec4 v000001475667a430_0, 0;
    %pushi/vec4 0, 0, 32;
    %assign/vec4 v000001475667a930_0, 0;
    %jmp T_7.1;
T_7.0 ;
    %load/vec4 v0000014756679f30_0;
    %assign/vec4 v0000014756679cb0_0, 0;
    %load/vec4 v00000147566792b0_0;
    %assign/vec4 v000001475667a430_0, 0;
    %load/vec4 v000001475667a930_0;
    %load/vec4 v0000014756677ac0_0;
    %add;
    %assign/vec4 v000001475667a930_0, 0;
T_7.1 ;
    %jmp T_7;
    .thread T_7;
    .scope S_0000014756676730;
T_8 ;
    %wait E_00000147565f1490;
    %load/vec4 v0000014756679d50_0;
    %flag_set/vec4 8;
    %jmp/1 T_8.2, 8;
    %load/vec4 v0000014756679fd0_0;
    %flag_set/vec4 9;
    %flag_or 8, 9;
T_8.2;
    %jmp/0xz  T_8.0, 8;
    %pushi/vec4 0, 0, 16;
    %assign/vec4 v00000147566797b0_0, 0;
    %pushi/vec4 0, 0, 16;
    %assign/vec4 v00000147566793f0_0, 0;
    %pushi/vec4 0, 0, 32;
    %assign/vec4 v000001475667a9d0_0, 0;
    %jmp T_8.1;
T_8.0 ;
    %load/vec4 v0000014756679990_0;
    %assign/vec4 v00000147566797b0_0, 0;
    %load/vec4 v00000147566795d0_0;
    %assign/vec4 v00000147566793f0_0, 0;
    %load/vec4 v000001475667a9d0_0;
    %load/vec4 v000001475667a7f0_0;
    %add;
    %assign/vec4 v000001475667a9d0_0, 0;
T_8.1 ;
    %jmp T_8;
    .thread T_8;
    .scope S_0000014756676be0;
T_9 ;
    %wait E_00000147565f1490;
    %load/vec4 v000001475667a1b0_0;
    %flag_set/vec4 8;
    %jmp/1 T_9.2, 8;
    %load/vec4 v0000014756679c10_0;
    %flag_set/vec4 9;
    %flag_or 8, 9;
T_9.2;
    %jmp/0xz  T_9.0, 8;
    %pushi/vec4 0, 0, 16;
    %assign/vec4 v000001475667acf0_0, 0;
    %pushi/vec4 0, 0, 16;
    %assign/vec4 v000001475667a070_0, 0;
    %pushi/vec4 0, 0, 32;
    %assign/vec4 v0000014756679170_0, 0;
    %jmp T_9.1;
T_9.0 ;
    %load/vec4 v000001475667ac50_0;
    %assign/vec4 v000001475667acf0_0, 0;
    %load/vec4 v000001475667a250_0;
    %assign/vec4 v000001475667a070_0, 0;
    %load/vec4 v0000014756679170_0;
    %load/vec4 v0000014756679df0_0;
    %add;
    %assign/vec4 v0000014756679170_0, 0;
T_9.1 ;
    %jmp T_9;
    .thread T_9;
    .scope S_0000014756674fc0;
T_10 ;
    %wait E_00000147565f1490;
    %load/vec4 v000001475667a2f0_0;
    %flag_set/vec4 8;
    %jmp/1 T_10.2, 8;
    %load/vec4 v0000014756678ef0_0;
    %flag_set/vec4 9;
    %flag_or 8, 9;
T_10.2;
    %jmp/0xz  T_10.0, 8;
    %pushi/vec4 0, 0, 16;
    %assign/vec4 v0000014756679030_0, 0;
    %pushi/vec4 0, 0, 16;
    %assign/vec4 v0000014756679710_0, 0;
    %pushi/vec4 0, 0, 32;
    %assign/vec4 v0000014756679850_0, 0;
    %jmp T_10.1;
T_10.0 ;
    %load/vec4 v0000014756679670_0;
    %assign/vec4 v0000014756679030_0, 0;
    %load/vec4 v000001475667a4d0_0;
    %assign/vec4 v0000014756679710_0, 0;
    %load/vec4 v0000014756679850_0;
    %load/vec4 v000001475667a610_0;
    %add;
    %assign/vec4 v0000014756679850_0, 0;
T_10.1 ;
    %jmp T_10;
    .thread T_10;
    .scope S_000001475667d4b0;
T_11 ;
    %wait E_00000147565f1490;
    %load/vec4 v00000147566806e0_0;
    %flag_set/vec4 8;
    %jmp/1 T_11.2, 8;
    %load/vec4 v0000014756679ad0_0;
    %flag_set/vec4 9;
    %flag_or 8, 9;
T_11.2;
    %jmp/0xz  T_11.0, 8;
    %pushi/vec4 0, 0, 16;
    %assign/vec4 v000001475667fce0_0, 0;
    %pushi/vec4 0, 0, 16;
    %assign/vec4 v00000147566803c0_0, 0;
    %pushi/vec4 0, 0, 32;
    %assign/vec4 v0000014756680960_0, 0;
    %jmp T_11.1;
T_11.0 ;
    %load/vec4 v000001475667efc0_0;
    %assign/vec4 v000001475667fce0_0, 0;
    %load/vec4 v000001475667f2e0_0;
    %assign/vec4 v00000147566803c0_0, 0;
    %load/vec4 v0000014756680960_0;
    %load/vec4 v000001475667ef20_0;
    %add;
    %assign/vec4 v0000014756680960_0, 0;
T_11.1 ;
    %jmp T_11;
    .thread T_11;
    .scope S_000001475667e5e0;
T_12 ;
    %wait E_00000147565f1490;
    %load/vec4 v0000014756680000_0;
    %flag_set/vec4 8;
    %jmp/1 T_12.2, 8;
    %load/vec4 v000001475667ff60_0;
    %flag_set/vec4 9;
    %flag_or 8, 9;
T_12.2;
    %jmp/0xz  T_12.0, 8;
    %pushi/vec4 0, 0, 16;
    %assign/vec4 v00000147566805a0_0, 0;
    %pushi/vec4 0, 0, 16;
    %assign/vec4 v00000147566800a0_0, 0;
    %pushi/vec4 0, 0, 32;
    %assign/vec4 v0000014756680140_0, 0;
    %jmp T_12.1;
T_12.0 ;
    %load/vec4 v0000014756680b40_0;
    %assign/vec4 v00000147566805a0_0, 0;
    %load/vec4 v000001475667f6a0_0;
    %assign/vec4 v00000147566800a0_0, 0;
    %load/vec4 v0000014756680140_0;
    %load/vec4 v0000014756680320_0;
    %add;
    %assign/vec4 v0000014756680140_0, 0;
T_12.1 ;
    %jmp T_12;
    .thread T_12;
    .scope S_000001475667d7d0;
T_13 ;
    %wait E_00000147565f1490;
    %load/vec4 v0000014756680460_0;
    %flag_set/vec4 8;
    %jmp/1 T_13.2, 8;
    %load/vec4 v0000014756680d20_0;
    %flag_set/vec4 9;
    %flag_or 8, 9;
T_13.2;
    %jmp/0xz  T_13.0, 8;
    %pushi/vec4 0, 0, 16;
    %assign/vec4 v0000014756680280_0, 0;
    %pushi/vec4 0, 0, 16;
    %assign/vec4 v0000014756680a00_0, 0;
    %pushi/vec4 0, 0, 32;
    %assign/vec4 v000001475667f740_0, 0;
    %jmp T_13.1;
T_13.0 ;
    %load/vec4 v000001475667f420_0;
    %assign/vec4 v0000014756680280_0, 0;
    %load/vec4 v000001475667ee80_0;
    %assign/vec4 v0000014756680a00_0, 0;
    %load/vec4 v000001475667f740_0;
    %load/vec4 v000001475667fc40_0;
    %add;
    %assign/vec4 v000001475667f740_0, 0;
T_13.1 ;
    %jmp T_13;
    .thread T_13;
    .scope S_000001475667e770;
T_14 ;
    %wait E_00000147565f1490;
    %load/vec4 v000001475667f920_0;
    %flag_set/vec4 8;
    %jmp/1 T_14.2, 8;
    %load/vec4 v0000014756680640_0;
    %flag_set/vec4 9;
    %flag_or 8, 9;
T_14.2;
    %jmp/0xz  T_14.0, 8;
    %pushi/vec4 0, 0, 16;
    %assign/vec4 v000001475667fa60_0, 0;
    %pushi/vec4 0, 0, 16;
    %assign/vec4 v0000014756680820_0, 0;
    %pushi/vec4 0, 0, 32;
    %assign/vec4 v000001475667fba0_0, 0;
    %jmp T_14.1;
T_14.0 ;
    %load/vec4 v000001475667f9c0_0;
    %assign/vec4 v000001475667fa60_0, 0;
    %load/vec4 v000001475667fb00_0;
    %assign/vec4 v0000014756680820_0, 0;
    %load/vec4 v000001475667fba0_0;
    %load/vec4 v000001475667f600_0;
    %add;
    %assign/vec4 v000001475667fba0_0, 0;
T_14.1 ;
    %jmp T_14;
    .thread T_14;
    .scope S_000001475667ea90;
T_15 ;
    %wait E_00000147565f1490;
    %load/vec4 v0000014756682ab0_0;
    %flag_set/vec4 8;
    %jmp/1 T_15.2, 8;
    %load/vec4 v0000014756681a70_0;
    %flag_set/vec4 9;
    %flag_or 8, 9;
T_15.2;
    %jmp/0xz  T_15.0, 8;
    %pushi/vec4 0, 0, 16;
    %assign/vec4 v0000014756681c50_0, 0;
    %pushi/vec4 0, 0, 16;
    %assign/vec4 v0000014756682330_0, 0;
    %pushi/vec4 0, 0, 32;
    %assign/vec4 v00000147566811b0_0, 0;
    %jmp T_15.1;
T_15.0 ;
    %load/vec4 v0000014756682b50_0;
    %assign/vec4 v0000014756681c50_0, 0;
    %load/vec4 v0000014756682290_0;
    %assign/vec4 v0000014756682330_0, 0;
    %load/vec4 v00000147566811b0_0;
    %load/vec4 v0000014756681890_0;
    %add;
    %assign/vec4 v00000147566811b0_0, 0;
T_15.1 ;
    %jmp T_15;
    .thread T_15;
    .scope S_000001475667dc80;
T_16 ;
    %wait E_00000147565f1490;
    %load/vec4 v0000014756682010_0;
    %flag_set/vec4 8;
    %jmp/1 T_16.2, 8;
    %load/vec4 v0000014756681430_0;
    %flag_set/vec4 9;
    %flag_or 8, 9;
T_16.2;
    %jmp/0xz  T_16.0, 8;
    %pushi/vec4 0, 0, 16;
    %assign/vec4 v0000014756681f70_0, 0;
    %pushi/vec4 0, 0, 16;
    %assign/vec4 v0000014756681930_0, 0;
    %pushi/vec4 0, 0, 32;
    %assign/vec4 v0000014756682830_0, 0;
    %jmp T_16.1;
T_16.0 ;
    %load/vec4 v0000014756681ed0_0;
    %assign/vec4 v0000014756681f70_0, 0;
    %load/vec4 v0000014756680fd0_0;
    %assign/vec4 v0000014756681930_0, 0;
    %load/vec4 v0000014756682830_0;
    %load/vec4 v0000014756682c90_0;
    %add;
    %assign/vec4 v0000014756682830_0, 0;
T_16.1 ;
    %jmp T_16;
    .thread T_16;
    .scope S_000001475667e2c0;
T_17 ;
    %wait E_00000147565f1490;
    %load/vec4 v00000147566828d0_0;
    %flag_set/vec4 8;
    %jmp/1 T_17.2, 8;
    %load/vec4 v00000147566825b0_0;
    %flag_set/vec4 9;
    %flag_or 8, 9;
T_17.2;
    %jmp/0xz  T_17.0, 8;
    %pushi/vec4 0, 0, 16;
    %assign/vec4 v0000014756682470_0, 0;
    %pushi/vec4 0, 0, 16;
    %assign/vec4 v0000014756682650_0, 0;
    %pushi/vec4 0, 0, 32;
    %assign/vec4 v0000014756681070_0, 0;
    %jmp T_17.1;
T_17.0 ;
    %load/vec4 v0000014756681250_0;
    %assign/vec4 v0000014756682470_0, 0;
    %load/vec4 v00000147566814d0_0;
    %assign/vec4 v0000014756682650_0, 0;
    %load/vec4 v0000014756681070_0;
    %load/vec4 v0000014756682150_0;
    %add;
    %assign/vec4 v0000014756681070_0, 0;
T_17.1 ;
    %jmp T_17;
    .thread T_17;
    .scope S_000001475667ec20;
T_18 ;
    %wait E_00000147565f1490;
    %load/vec4 v0000014756681e30_0;
    %flag_set/vec4 8;
    %jmp/1 T_18.2, 8;
    %load/vec4 v00000147566817f0_0;
    %flag_set/vec4 9;
    %flag_or 8, 9;
T_18.2;
    %jmp/0xz  T_18.0, 8;
    %pushi/vec4 0, 0, 16;
    %assign/vec4 v0000014756682970_0, 0;
    %pushi/vec4 0, 0, 16;
    %assign/vec4 v0000014756681b10_0, 0;
    %pushi/vec4 0, 0, 32;
    %assign/vec4 v0000014756681bb0_0, 0;
    %jmp T_18.1;
T_18.0 ;
    %load/vec4 v00000147566826f0_0;
    %assign/vec4 v0000014756682970_0, 0;
    %load/vec4 v00000147566819d0_0;
    %assign/vec4 v0000014756681b10_0, 0;
    %load/vec4 v0000014756681bb0_0;
    %load/vec4 v00000147566812f0_0;
    %add;
    %assign/vec4 v0000014756681bb0_0, 0;
T_18.1 ;
    %jmp T_18;
    .thread T_18;
    .scope S_000001475667d320;
T_19 ;
    %wait E_00000147565f1490;
    %load/vec4 v0000014756683f80_0;
    %flag_set/vec4 8;
    %jmp/1 T_19.2, 8;
    %load/vec4 v00000147566838a0_0;
    %flag_set/vec4 9;
    %flag_or 8, 9;
T_19.2;
    %jmp/0xz  T_19.0, 8;
    %pushi/vec4 0, 0, 16;
    %assign/vec4 v0000014756683940_0, 0;
    %pushi/vec4 0, 0, 16;
    %assign/vec4 v0000014756684c00_0, 0;
    %pushi/vec4 0, 0, 32;
    %assign/vec4 v00000147566839e0_0, 0;
    %jmp T_19.1;
T_19.0 ;
    %load/vec4 v0000014756684d40_0;
    %assign/vec4 v0000014756683940_0, 0;
    %load/vec4 v0000014756684ac0_0;
    %assign/vec4 v0000014756684c00_0, 0;
    %load/vec4 v00000147566839e0_0;
    %load/vec4 v0000014756683e40_0;
    %add;
    %assign/vec4 v00000147566839e0_0, 0;
T_19.1 ;
    %jmp T_19;
    .thread T_19;
    .scope S_00000147564f8480;
T_20 ;
    %wait E_00000147565f1490;
    %load/vec4 v00000147566848e0_0;
    %flag_set/vec4 8;
    %jmp/0xz  T_20.0, 8;
    %pushi/vec4 0, 0, 1;
    %assign/vec4 v0000014756684ca0_0, 0;
    %pushi/vec4 0, 0, 1;
    %assign/vec4 v0000014756683080_0, 0;
    %pushi/vec4 0, 0, 8;
    %assign/vec4 v0000014756683760_0, 0;
    %pushi/vec4 0, 0, 4;
    %assign/vec4 v0000014756684660_0, 0;
    %pushi/vec4 0, 0, 1;
    %assign/vec4 v00000147566836c0_0, 0;
    %pushi/vec4 0, 0, 1;
    %assign/vec4 v0000014756683800_0, 0;
    %pushi/vec4 0, 0, 256;
    %assign/vec4 v0000014756683580_0, 0;
    %pushi/vec4 0, 0, 256;
    %assign/vec4 v00000147566843e0_0, 0;
    %jmp T_20.1;
T_20.0 ;
    %pushi/vec4 0, 0, 1;
    %assign/vec4 v0000014756683080_0, 0;
    %pushi/vec4 0, 0, 1;
    %assign/vec4 v00000147566836c0_0, 0;
    %load/vec4 v0000014756684980_0;
    %flag_set/vec4 9;
    %flag_get/vec4 9;
    %jmp/0 T_20.4, 9;
    %load/vec4 v0000014756684ca0_0;
    %nor/r;
    %and;
T_20.4;
    %flag_set/vec4 8;
    %jmp/0xz  T_20.2, 8;
    %pushi/vec4 1, 0, 1;
    %assign/vec4 v0000014756684ca0_0, 0;
    %pushi/vec4 0, 0, 4;
    %assign/vec4 v0000014756684660_0, 0;
    %pushi/vec4 0, 0, 8;
    %assign/vec4 v0000014756683760_0, 0;
    %pushi/vec4 1, 0, 1;
    %assign/vec4 v00000147566836c0_0, 0;
    %pushi/vec4 0, 0, 1;
    %assign/vec4 v0000014756683800_0, 0;
    %load/vec4 v0000014756682ea0_0;
    %assign/vec4 v0000014756683580_0, 0;
    %load/vec4 v00000147566845c0_0;
    %assign/vec4 v00000147566843e0_0, 0;
    %jmp T_20.3;
T_20.2 ;
    %load/vec4 v0000014756684ca0_0;
    %flag_set/vec4 8;
    %jmp/0xz  T_20.5, 8;
    %load/vec4 v0000014756683800_0;
    %nor/r;
    %flag_set/vec4 8;
    %jmp/0xz  T_20.7, 8;
    %pushi/vec4 1, 0, 1;
    %assign/vec4 v0000014756683800_0, 0;
    %jmp T_20.8;
T_20.7 ;
    %load/vec4 v0000014756683760_0;
    %addi 1, 0, 8;
    %assign/vec4 v0000014756683760_0, 0;
    %load/vec4 v0000014756684660_0;
    %pad/u 32;
    %cmpi/e 9, 0, 32;
    %jmp/0xz  T_20.9, 4;
    %pushi/vec4 0, 0, 1;
    %assign/vec4 v0000014756684ca0_0, 0;
    %pushi/vec4 1, 0, 1;
    %assign/vec4 v0000014756683080_0, 0;
    %pushi/vec4 0, 0, 1;
    %assign/vec4 v0000014756683800_0, 0;
    %jmp T_20.10;
T_20.9 ;
    %load/vec4 v0000014756684660_0;
    %addi 1, 0, 4;
    %assign/vec4 v0000014756684660_0, 0;
T_20.10 ;
T_20.8 ;
T_20.5 ;
T_20.3 ;
T_20.1 ;
    %jmp T_20;
    .thread T_20;
    .scope S_0000014756617760;
T_21 ;
    %wait E_00000147565f1050;
    %pushi/vec4 0, 0, 32;
    %store/vec4 v000001475668ab30_0, 0, 32;
    %load/vec4 v000001475668b5d0_0;
    %cmpi/e 0, 0, 8;
    %jmp/0xz  T_21.0, 4;
    %pushi/vec4 0, 0, 30;
    %load/vec4 v000001475668b030_0;
    %concat/vec4; draw_concat_vec4
    %load/vec4 v0000014756686a20_0;
    %concat/vec4; draw_concat_vec4
    %store/vec4 v000001475668ab30_0, 0, 32;
    %jmp T_21.1;
T_21.0 ;
    %load/vec4 v000001475668b5d0_0;
    %cmpi/e 4, 0, 8;
    %jmp/0xz  T_21.2, 4;
    %pushi/vec4 0, 0, 24;
    %load/vec4 v00000147566863e0_0;
    %concat/vec4; draw_concat_vec4
    %store/vec4 v000001475668ab30_0, 0, 32;
    %jmp T_21.3;
T_21.2 ;
    %load/vec4 v0000014756686200_0;
    %flag_set/vec4 8;
    %jmp/0xz  T_21.4, 8;
    %pushi/vec4 0, 0, 16;
    %load/vec4 v0000014756686160_0;
    %pad/u 6;
    %ix/vec4 4;
    %load/vec4a v00000147566862a0, 4;
    %concat/vec4; draw_concat_vec4
    %store/vec4 v000001475668ab30_0, 0, 32;
    %jmp T_21.5;
T_21.4 ;
    %load/vec4 v000001475668af90_0;
    %flag_set/vec4 8;
    %jmp/0xz  T_21.6, 8;
    %pushi/vec4 0, 0, 16;
    %load/vec4 v000001475668a9f0_0;
    %pad/u 6;
    %ix/vec4 4;
    %load/vec4a v000001475668b670, 4;
    %concat/vec4; draw_concat_vec4
    %store/vec4 v000001475668ab30_0, 0, 32;
    %jmp T_21.7;
T_21.6 ;
    %load/vec4 v000001475668a4f0_0;
    %flag_set/vec4 8;
    %jmp/0xz  T_21.8, 8;
    %pushi/vec4 0, 0, 16;
    %load/vec4 v000001475668b710_0;
    %concat/vec4; draw_concat_vec4
    %store/vec4 v000001475668ab30_0, 0, 32;
T_21.8 ;
T_21.7 ;
T_21.5 ;
T_21.3 ;
T_21.1 ;
    %jmp T_21;
    .thread T_21, $push;
    .scope S_0000014756617760;
T_22 ;
    %wait E_00000147565f0f10;
    %load/vec4 v000001475668b7b0_0;
    %flag_set/vec4 8;
    %flag_get/vec4 8;
    %jmp/1 T_22.0, 8;
    %load/vec4 v000001475668aef0_0;
    %or;
T_22.0;
    %store/vec4 v000001475668a8b0_0, 0, 1;
    %jmp T_22;
    .thread T_22, $push;
    .scope S_0000014756617760;
T_23 ;
    %wait E_00000147565f1490;
    %pushi/vec4 0, 0, 1;
    %assign/vec4 v000001475668b8f0_0, 0;
    %pushi/vec4 0, 0, 1;
    %assign/vec4 v000001475668b210_0, 0;
    %pushi/vec4 0, 0, 1;
    %assign/vec4 v000001475668a630_0, 0;
    %pushi/vec4 0, 0, 32;
    %assign/vec4 v000001475668b170_0, 0;
    %load/vec4 v000001475668b850_0;
    %nor/r;
    %flag_set/vec4 8;
    %jmp/0xz  T_23.0, 8;
    %pushi/vec4 0, 0, 1;
    %assign/vec4 v000001475668b030_0, 0;
    %pushi/vec4 0, 0, 1;
    %assign/vec4 v000001475668aef0_0, 0;
    %pushi/vec4 0, 0, 1;
    %assign/vec4 v000001475668a590_0, 0;
    %pushi/vec4 0, 0, 32;
    %store/vec4 v000001475668ae50_0, 0, 32;
T_23.2 ;
    %load/vec4 v000001475668ae50_0;
    %cmpi/s 16, 0, 32;
    %jmp/0xz T_23.3, 5;
    %pushi/vec4 1024, 0, 16;
    %ix/getv/s 3, v000001475668ae50_0;
    %ix/load 4, 0, 0; Constant delay
    %assign/vec4/a/d v00000147566862a0, 0, 4;
    %pushi/vec4 1024, 0, 16;
    %ix/getv/s 3, v000001475668ae50_0;
    %ix/load 4, 0, 0; Constant delay
    %assign/vec4/a/d v000001475668b670, 0, 4;
    %load/vec4 v000001475668ae50_0;
    %addi 1, 0, 32;
    %store/vec4 v000001475668ae50_0, 0, 32;
    %jmp T_23.2;
T_23.3 ;
    %jmp T_23.1;
T_23.0 ;
    %load/vec4 v000001475668b530_0;
    %nor/r;
    %flag_set/vec4 8;
    %jmp/0xz  T_23.4, 8;
    %pushi/vec4 0, 0, 1;
    %assign/vec4 v000001475668a590_0, 0;
T_23.4 ;
    %load/vec4 v0000014756686480_0;
    %flag_set/vec4 8;
    %jmp/0xz  T_23.6, 8;
    %pushi/vec4 1, 0, 1;
    %assign/vec4 v000001475668b030_0, 0;
T_23.6 ;
    %load/vec4 v000001475668b490_0;
    %flag_set/vec4 9;
    %flag_get/vec4 9;
    %jmp/0 T_23.10, 9;
    %load/vec4 v000001475668b990_0;
    %or/r;
    %and;
T_23.10;
    %flag_set/vec4 8;
    %jmp/0xz  T_23.8, 8;
    %load/vec4 v000001475668b5d0_0;
    %cmpi/e 0, 0, 8;
    %jmp/0xz  T_23.11, 4;
    %load/vec4 v000001475668abd0_0;
    %parti/s 1, 1, 2;
    %flag_set/vec4 8;
    %jmp/0xz  T_23.13, 8;
    %pushi/vec4 0, 0, 1;
    %assign/vec4 v000001475668b030_0, 0;
T_23.13 ;
    %load/vec4 v000001475668abd0_0;
    %parti/s 1, 0, 2;
    %flag_set/vec4 9;
    %flag_get/vec4 9;
    %jmp/0 T_23.17, 9;
    %load/vec4 v0000014756686a20_0;
    %nor/r;
    %and;
T_23.17;
    %flag_set/vec4 8;
    %jmp/0xz  T_23.15, 8;
    %pushi/vec4 1, 0, 1;
    %assign/vec4 v000001475668b8f0_0, 0;
T_23.15 ;
T_23.11 ;
    %load/vec4 v0000014756686200_0;
    %flag_set/vec4 8;
    %jmp/0xz  T_23.18, 8;
    %load/vec4 v000001475668b990_0;
    %parti/s 1, 0, 2;
    %flag_set/vec4 8;
    %jmp/0xz  T_23.20, 8;
    %load/vec4 v000001475668abd0_0;
    %parti/s 8, 0, 2;
    %load/vec4 v0000014756686160_0;
    %pad/u 6;
    %ix/vec4 3;
    %ix/load 4, 0, 0; Constant delay
    %assign/vec4/a/d v00000147566862a0, 0, 4;
T_23.20 ;
    %load/vec4 v000001475668b990_0;
    %parti/s 1, 1, 2;
    %flag_set/vec4 8;
    %jmp/0xz  T_23.22, 8;
    %load/vec4 v000001475668abd0_0;
    %parti/s 8, 8, 5;
    %load/vec4 v0000014756686160_0;
    %pad/u 6;
    %ix/vec4 3;
    %ix/load 4, 8, 0; part off
    %ix/load 5, 0, 0; Constant delay
    %assign/vec4/a/d v00000147566862a0, 4, 5;
T_23.22 ;
T_23.18 ;
    %load/vec4 v000001475668af90_0;
    %flag_set/vec4 8;
    %jmp/0xz  T_23.24, 8;
    %load/vec4 v000001475668b990_0;
    %parti/s 1, 0, 2;
    %flag_set/vec4 8;
    %jmp/0xz  T_23.26, 8;
    %load/vec4 v000001475668abd0_0;
    %parti/s 8, 0, 2;
    %load/vec4 v000001475668a9f0_0;
    %pad/u 6;
    %ix/vec4 3;
    %ix/load 4, 0, 0; Constant delay
    %assign/vec4/a/d v000001475668b670, 0, 4;
T_23.26 ;
    %load/vec4 v000001475668b990_0;
    %parti/s 1, 1, 2;
    %flag_set/vec4 8;
    %jmp/0xz  T_23.28, 8;
    %load/vec4 v000001475668abd0_0;
    %parti/s 8, 8, 5;
    %load/vec4 v000001475668a9f0_0;
    %pad/u 6;
    %ix/vec4 3;
    %ix/load 4, 8, 0; part off
    %ix/load 5, 0, 0; Constant delay
    %assign/vec4/a/d v000001475668b670, 4, 5;
T_23.28 ;
T_23.24 ;
T_23.8 ;
    %load/vec4 v000001475668b7b0_0;
    %flag_set/vec4 10;
    %flag_get/vec4 10;
    %jmp/0 T_23.33, 10;
    %load/vec4 v000001475668aef0_0;
    %nor/r;
    %and;
T_23.33;
    %flag_set/vec4 9;
    %flag_get/vec4 9;
    %jmp/0 T_23.32, 9;
    %load/vec4 v000001475668a590_0;
    %nor/r;
    %and;
T_23.32;
    %flag_set/vec4 8;
    %jmp/0xz  T_23.30, 8;
    %pushi/vec4 1, 0, 1;
    %assign/vec4 v000001475668aef0_0, 0;
    %pushi/vec4 1, 0, 1;
    %assign/vec4 v000001475668a590_0, 0;
    %pushi/vec4 0, 0, 1;
    %assign/vec4 v000001475668b030_0, 0;
    %load/vec4 v0000014756686a20_0;
    %nor/r;
    %flag_set/vec4 8;
    %jmp/0xz  T_23.34, 8;
    %pushi/vec4 1, 0, 1;
    %assign/vec4 v000001475668b8f0_0, 0;
T_23.34 ;
T_23.30 ;
    %load/vec4 v000001475668aef0_0;
    %flag_set/vec4 9;
    %flag_get/vec4 9;
    %jmp/0 T_23.38, 9;
    %load/vec4 v0000014756686480_0;
    %and;
T_23.38;
    %flag_set/vec4 8;
    %jmp/0xz  T_23.36, 8;
    %pushi/vec4 1, 0, 1;
    %assign/vec4 v000001475668b210_0, 0;
    %pushi/vec4 1, 0, 1;
    %assign/vec4 v000001475668a630_0, 0;
    %pushi/vec4 0, 0, 24;
    %load/vec4 v00000147566863e0_0;
    %concat/vec4; draw_concat_vec4
    %assign/vec4 v000001475668b170_0, 0;
    %pushi/vec4 0, 0, 1;
    %assign/vec4 v000001475668aef0_0, 0;
T_23.36 ;
T_23.1 ;
    %jmp T_23;
    .thread T_23;
    .scope S_0000014756533540;
T_24 ;
    %pushi/vec4 0, 0, 1;
    %store/vec4 v000001475668a770_0, 0, 1;
T_24.0 ;
    %delay 5000, 0;
    %load/vec4 v000001475668a770_0;
    %inv;
    %store/vec4 v000001475668a770_0, 0, 1;
    %jmp T_24.0;
    %end;
    .thread T_24;
    .scope S_0000014756533540;
T_25 ;
    %vpi_func 3 92 "$test$plusargs" 32, "vcd" {0 0 0};
    %cmpi/ne 0, 0, 32;
    %jmp/0xz  T_25.0, 4;
    %vpi_call/w 3 93 "$dumpfile", "tb_matrix_accel_periph_manual.vcd" {0 0 0};
    %vpi_call/w 3 94 "$dumpvars", 32'sb00000000000000000000000000000000, S_0000014756533540 {0 0 0};
T_25.0 ;
    %pushi/vec4 0, 0, 1;
    %store/vec4 v0000014756688330_0, 0, 1;
    %pushi/vec4 0, 0, 1;
    %store/vec4 v0000014756688970_0, 0, 1;
    %pushi/vec4 0, 0, 32;
    %store/vec4 v0000014756689550_0, 0, 32;
    %pushi/vec4 0, 0, 32;
    %store/vec4 v0000014756687ed0_0, 0, 32;
    %pushi/vec4 0, 0, 4;
    %store/vec4 v00000147566895f0_0, 0, 4;
    %pushi/vec4 0, 0, 1;
    %store/vec4 v00000147566899b0_0, 0, 1;
    %pushi/vec4 0, 0, 32;
    %store/vec4 v0000014756689c30_0, 0, 32;
    %pushi/vec4 5, 0, 32;
T_25.2 %dup/vec4;
    %pushi/vec4 0, 0, 32;
    %cmp/s;
    %jmp/1xz T_25.3, 5;
    %jmp/1 T_25.3, 4;
    %pushi/vec4 1, 0, 32;
    %sub;
    %wait E_00000147565f1490;
    %jmp T_25.2;
T_25.3 ;
    %pop/vec4 1;
    %pushi/vec4 1, 0, 1;
    %store/vec4 v0000014756688330_0, 0, 1;
    %alloc S_0000014756695060;
    %fork TD_tb_matrix_accel_periph_manual.issue_matgo, S_0000014756695060;
    %join;
    %free S_0000014756695060;
    %alloc S_0000014756695380;
    %pushi/vec4 805306372, 0, 32;
    %store/vec4 v000001475668a310_0, 0, 32;
    %fork TD_tb_matrix_accel_periph_manual.mmio_read, S_0000014756695380;
    %join;
    %load/vec4 v000001475668a3b0_0;
    %store/vec4 v000001475668a950_0, 0, 32;
    %free S_0000014756695380;
    %alloc S_0000014756695380;
    %pushi/vec4 805306512, 0, 32;
    %store/vec4 v000001475668a310_0, 0, 32;
    %fork TD_tb_matrix_accel_periph_manual.mmio_read, S_0000014756695380;
    %join;
    %load/vec4 v000001475668a3b0_0;
    %store/vec4 v000001475668a450_0, 0, 32;
    %free S_0000014756695380;
    %vpi_call/w 3 113 "$display", "TB_INFO cycle_count=%0d c0=0x%08x", v000001475668a950_0, v000001475668a450_0 {0 0 0};
    %load/vec4 v000001475668a450_0;
    %cmpi/ne 4096, 0, 32;
    %jmp/0xz  T_25.4, 6;
    %vpi_call/w 3 116 "$display", "TB_FAIL expected c0=0x00001000 for ones x ones" {0 0 0};
    %vpi_call/w 3 117 "$fatal", 32'sb00000000000000000000000000000001, "Unexpected matrix result" {0 0 0};
T_25.4 ;
    %vpi_call/w 3 120 "$display", "TB_PASS manual peripheral smoke test" {0 0 0};
    %vpi_call/w 3 121 "$finish" {0 0 0};
    %end;
    .thread T_25;
# The file index is used to find the file name in the following table.
:file_names 9;
    "N/A";
    "<interactive>";
    "-";
    "D:\Major_Project\TinyML-Accelerator\pynq_z2_custom_core\tb\tb_matrix_accel_periph_manual.v";
    "D:\Major_Project\TinyML-Accelerator\pynq_z2_custom_core\rtl\matrix_accel_periph.v";
    "D:\Major_Project\TinyML-Accelerator\pynq_z2_custom_core\rtl\matrix_accel_4x4_q5_10.v";
    "D:\Major_Project\TinyML-Accelerator\pynq_z2_custom_core\rtl\issue_logic_4x4_q5_10.v";
    "D:\Major_Project\TinyML-Accelerator\pynq_z2_custom_core\rtl\systolic_array_4x4_q5_10.v";
    "D:\Major_Project\TinyML-Accelerator\pynq_z2_custom_core\rtl\pe_cell_q5_10.v";
